[ 2016-05-29T13:40:59+08:00 ] ::1 /bnuzbroadcast/
INFO: [ app_init ] --START--
INFO: Run Behavior\BuildLiteBehavior [ RunTime:0.000039s ]
INFO: [ app_init ] --END-- [ RunTime:0.001478s ]
INFO: [ app_begin ] --START--
INFO: Run Behavior\ReadHtmlCacheBehavior [ RunTime:0.001150s ]
INFO: [ app_begin ] --END-- [ RunTime:0.001329s ]
INFO: [ view_parse ] --START--
INFO: Run Behavior\ParseTemplateBehavior [ RunTime:0.001391s ]
INFO: [ view_parse ] --END-- [ RunTime:0.001713s ]
INFO: [ view_filter ] --START--
INFO: Run Behavior\WriteHtmlCacheBehavior [ RunTime:0.000836s ]
INFO: [ view_filter ] --END-- [ RunTime:0.001011s ]
INFO: [ app_end ] --START--
INFO: Run Behavior\ShowPageTraceBehavior [ RunTime:0.001354s ]
INFO: [ app_end ] --END-- [ RunTime:0.001548s ]

[ 2016-05-29T13:56:43+08:00 ] ::1 /bnuzbroadcast/
INFO: [ app_init ] --START--
INFO: Run Behavior\BuildLiteBehavior [ RunTime:0.000046s ]
INFO: [ app_init ] --END-- [ RunTime:0.000720s ]
INFO: [ app_begin ] --START--
INFO: Run Behavior\ReadHtmlCacheBehavior [ RunTime:0.000905s ]
INFO: [ app_begin ] --END-- [ RunTime:0.001106s ]
INFO: [ view_parse ] --START--
INFO: Run Behavior\ParseTemplateBehavior [ RunTime:0.001024s ]
INFO: [ view_parse ] --END-- [ RunTime:0.001285s ]
INFO: [ view_filter ] --START--
INFO: Run Behavior\WriteHtmlCacheBehavior [ RunTime:0.000678s ]
INFO: [ view_filter ] --END-- [ RunTime:0.000904s ]
INFO: [ app_end ] --START--
INFO: Run Behavior\ShowPageTraceBehavior [ RunTime:0.000862s ]
INFO: [ app_end ] --END-- [ RunTime:0.001054s ]

[ 2016-05-29T13:57:31+08:00 ] ::1 /bnuzbroadcast/Home/User/create
INFO: [ app_init ] --START--
INFO: Run Behavior\BuildLiteBehavior [ RunTime:0.000038s ]
INFO: [ app_init ] --END-- [ RunTime:0.000578s ]
INFO: [ app_begin ] --START--
INFO: Run Behavior\ReadHtmlCacheBehavior [ RunTime:0.000682s ]
INFO: [ app_begin ] --END-- [ RunTime:0.000863s ]
SQL: SHOW COLUMNS FROM `t_user` [ RunTime:0.0097s ]
INFO: [ app_end ] --START--
INFO: Run Behavior\ShowPageTraceBehavior [ RunTime:0.001680s ]
INFO: [ app_end ] --END-- [ RunTime:0.002004s ]

[ 2016-05-29T13:57:45+08:00 ] ::1 /bnuzbroadcast/Home/User
INFO: [ app_init ] --START--
INFO: Run Behavior\BuildLiteBehavior [ RunTime:0.000052s ]
INFO: [ app_init ] --END-- [ RunTime:0.000776s ]
INFO: [ app_begin ] --START--
INFO: Run Behavior\ReadHtmlCacheBehavior [ RunTime:0.000799s ]
INFO: [ app_begin ] --END-- [ RunTime:0.001021s ]
INFO: [ app_end ] --START--
INFO: Run Behavior\ShowPageTraceBehavior [ RunTime:0.000820s ]
INFO: [ app_end ] --END-- [ RunTime:0.001040s ]

[ 2016-05-29T13:57:51+08:00 ] ::1 /bnuzbroadcast/Home/User/create
INFO: [ app_init ] --START--
INFO: Run Behavior\BuildLiteBehavior [ RunTime:0.000039s ]
INFO: [ app_init ] --END-- [ RunTime:0.000633s ]
INFO: [ app_begin ] --START--
INFO: Run Behavior\ReadHtmlCacheBehavior [ RunTime:0.000682s ]
INFO: [ app_begin ] --END-- [ RunTime:0.000858s ]
SQL: SHOW COLUMNS FROM `t_user` [ RunTime:0.0034s ]
INFO: [ app_end ] --START--
INFO: Run Behavior\ShowPageTraceBehavior [ RunTime:0.000755s ]
INFO: [ app_end ] --END-- [ RunTime:0.000935s ]

[ 2016-05-29T13:59:31+08:00 ] ::1 /bnuzbroadcast/Home/User/create
INFO: [ app_init ] --START--
INFO: Run Behavior\BuildLiteBehavior [ RunTime:0.000051s ]
INFO: [ app_init ] --END-- [ RunTime:0.001109s ]
INFO: [ app_begin ] --START--
INFO: Run Behavior\ReadHtmlCacheBehavior [ RunTime:0.001130s ]
INFO: [ app_begin ] --END-- [ RunTime:0.001385s ]
SQL: SHOW COLUMNS FROM `t_user` [ RunTime:0.0041s ]
NOTIC: [8] Undefined index: validate C:\wamp\www\bnuzbroadcast\ThinkPHP\Library\Think\Model.class.php 第 1185 行.
NOTIC: [8] Undefined index: auto C:\wamp\www\bnuzbroadcast\ThinkPHP\Library\Think\Model.class.php 第 1128 行.
INFO: [ app_end ] --START--
INFO: Run Behavior\ShowPageTraceBehavior [ RunTime:0.000883s ]
INFO: [ app_end ] --END-- [ RunTime:0.001060s ]

[ 2016-05-29T14:00:47+08:00 ] ::1 /bnuzbroadcast/Home/User/create
INFO: [ app_init ] --START--
INFO: Run Behavior\BuildLiteBehavior [ RunTime:0.000049s ]
INFO: [ app_init ] --END-- [ RunTime:0.000643s ]
INFO: [ app_begin ] --START--
INFO: Run Behavior\ReadHtmlCacheBehavior [ RunTime:0.000687s ]
INFO: [ app_begin ] --END-- [ RunTime:0.000873s ]
SQL: SHOW COLUMNS FROM `t_user` [ RunTime:0.0038s ]
NOTIC: [8] Undefined index: validate C:\wamp\www\bnuzbroadcast\ThinkPHP\Library\Think\Model.class.php 第 1185 行.
NOTIC: [8] Undefined index: auto C:\wamp\www\bnuzbroadcast\ThinkPHP\Library\Think\Model.class.php 第 1128 行.
INFO: [ app_end ] --START--
INFO: Run Behavior\ShowPageTraceBehavior [ RunTime:0.000936s ]
INFO: [ app_end ] --END-- [ RunTime:0.001113s ]

[ 2016-05-29T14:02:43+08:00 ] ::1 /bnuzbroadcast/Home/User/create
INFO: [ app_init ] --START--
INFO: Run Behavior\BuildLiteBehavior [ RunTime:0.000046s ]
INFO: [ app_init ] --END-- [ RunTime:0.000897s ]
INFO: [ app_begin ] --START--
INFO: Run Behavior\ReadHtmlCacheBehavior [ RunTime:0.001653s ]
INFO: [ app_begin ] --END-- [ RunTime:0.001927s ]
SQL: SHOW COLUMNS FROM `t_user` [ RunTime:0.0035s ]
NOTIC: [8] Undefined index: validate C:\wamp\www\bnuzbroadcast\ThinkPHP\Library\Think\Model.class.php 第 1185 行.
NOTIC: [8] Undefined index: auto C:\wamp\www\bnuzbroadcast\ThinkPHP\Library\Think\Model.class.php 第 1128 行.
INFO: [ app_end ] --START--
INFO: Run Behavior\ShowPageTraceBehavior [ RunTime:0.002202s ]
INFO: [ app_end ] --END-- [ RunTime:0.002468s ]

[ 2016-05-29T14:04:04+08:00 ] ::1 /bnuzbroadcast/Home/User/create
INFO: [ app_init ] --START--
INFO: Run Behavior\BuildLiteBehavior [ RunTime:0.000043s ]
INFO: [ app_init ] --END-- [ RunTime:0.000679s ]
INFO: [ app_begin ] --START--
INFO: Run Behavior\ReadHtmlCacheBehavior [ RunTime:0.000946s ]
INFO: [ app_begin ] --END-- [ RunTime:0.001151s ]
SQL: SHOW COLUMNS FROM `t_user` [ RunTime:0.0034s ]
NOTIC: [8] Undefined index: validate C:\wamp\www\bnuzbroadcast\ThinkPHP\Library\Think\Model.class.php 第 1185 行.
NOTIC: [8] Undefined index: auto C:\wamp\www\bnuzbroadcast\ThinkPHP\Library\Think\Model.class.php 第 1128 行.
INFO: [ app_end ] --START--
INFO: Run Behavior\ShowPageTraceBehavior [ RunTime:0.001111s ]
INFO: [ app_end ] --END-- [ RunTime:0.001319s ]

[ 2016-05-29T14:45:58+08:00 ] ::1 /bnuzbroadcast/Home/User/create
INFO: [ app_init ] --START--
INFO: Run Behavior\BuildLiteBehavior [ RunTime:0.000039s ]
INFO: [ app_init ] --END-- [ RunTime:0.000887s ]
INFO: [ app_begin ] --START--
INFO: Run Behavior\ReadHtmlCacheBehavior [ RunTime:0.000972s ]
INFO: [ app_begin ] --END-- [ RunTime:0.001168s ]
SQL: SHOW COLUMNS FROM `t_user` [ RunTime:0.0039s ]
NOTIC: [8] Use of undefined constant 樱桃小丸子 - assumed '樱桃小丸子' C:\wamp\www\bnuzbroadcast\Application\Home\Controller\UserController.class.php 第 36 行.
NOTIC: [8] Undefined index: validate C:\wamp\www\bnuzbroadcast\ThinkPHP\Library\Think\Model.class.php 第 1185 行.
NOTIC: [8] Undefined index: auto C:\wamp\www\bnuzbroadcast\ThinkPHP\Library\Think\Model.class.php 第 1128 行.
INFO: [ app_end ] --START--
INFO: Run Behavior\ShowPageTraceBehavior [ RunTime:0.001190s ]
INFO: [ app_end ] --END-- [ RunTime:0.001437s ]

[ 2016-05-29T14:47:05+08:00 ] ::1 /bnuzbroadcast/Home/User/create
INFO: [ app_init ] --START--
INFO: Run Behavior\BuildLiteBehavior [ RunTime:0.000041s ]
INFO: [ app_init ] --END-- [ RunTime:0.000862s ]
INFO: [ app_begin ] --START--
INFO: Run Behavior\ReadHtmlCacheBehavior [ RunTime:0.000979s ]
INFO: [ app_begin ] --END-- [ RunTime:0.001208s ]
SQL: SHOW COLUMNS FROM `t_user` [ RunTime:0.0045s ]
NOTIC: [8] Use of undefined constant 樱桃小丸子 - assumed '樱桃小丸子' C:\wamp\www\bnuzbroadcast\Application\Home\Controller\UserController.class.php 第 36 行.
NOTIC: [8] Undefined index: validate C:\wamp\www\bnuzbroadcast\ThinkPHP\Library\Think\Model.class.php 第 1185 行.
NOTIC: [8] Undefined index: auto C:\wamp\www\bnuzbroadcast\ThinkPHP\Library\Think\Model.class.php 第 1128 行.
INFO: [ app_end ] --START--
INFO: Run Behavior\ShowPageTraceBehavior [ RunTime:0.001009s ]
INFO: [ app_end ] --END-- [ RunTime:0.001217s ]

[ 2016-05-29T14:47:58+08:00 ] ::1 /bnuzbroadcast/Home/User/create
INFO: [ app_init ] --START--
INFO: Run Behavior\BuildLiteBehavior [ RunTime:0.000064s ]
INFO: [ app_init ] --END-- [ RunTime:0.001108s ]
INFO: [ app_begin ] --START--
INFO: Run Behavior\ReadHtmlCacheBehavior [ RunTime:0.001289s ]
INFO: [ app_begin ] --END-- [ RunTime:0.001495s ]
SQL: SHOW COLUMNS FROM `t_user` [ RunTime:0.0045s ]
NOTIC: [8] Undefined index: validate C:\wamp\www\bnuzbroadcast\ThinkPHP\Library\Think\Model.class.php 第 1185 行.
NOTIC: [8] Undefined index: auto C:\wamp\www\bnuzbroadcast\ThinkPHP\Library\Think\Model.class.php 第 1128 行.
INFO: [ app_end ] --START--
INFO: Run Behavior\ShowPageTraceBehavior [ RunTime:0.001425s ]
INFO: [ app_end ] --END-- [ RunTime:0.001686s ]

[ 2016-05-29T14:48:03+08:00 ] ::1 /bnuzbroadcast/Home/User/create
INFO: [ app_init ] --START--
INFO: Run Behavior\BuildLiteBehavior [ RunTime:0.000049s ]
INFO: [ app_init ] --END-- [ RunTime:0.001043s ]
INFO: [ app_begin ] --START--
INFO: Run Behavior\ReadHtmlCacheBehavior [ RunTime:0.001177s ]
INFO: [ app_begin ] --END-- [ RunTime:0.001367s ]
SQL: SHOW COLUMNS FROM `t_user` [ RunTime:0.0036s ]
NOTIC: [8] Undefined index: validate C:\wamp\www\bnuzbroadcast\ThinkPHP\Library\Think\Model.class.php 第 1185 行.
NOTIC: [8] Undefined index: auto C:\wamp\www\bnuzbroadcast\ThinkPHP\Library\Think\Model.class.php 第 1128 行.
INFO: [ app_end ] --START--
INFO: Run Behavior\ShowPageTraceBehavior [ RunTime:0.001938s ]
INFO: [ app_end ] --END-- [ RunTime:0.002186s ]

[ 2016-05-29T14:48:53+08:00 ] ::1 /bnuzbroadcast/Home/User/create
INFO: [ app_init ] --START--
INFO: Run Behavior\BuildLiteBehavior [ RunTime:0.000039s ]
INFO: [ app_init ] --END-- [ RunTime:0.000750s ]
INFO: [ app_begin ] --START--
INFO: Run Behavior\ReadHtmlCacheBehavior [ RunTime:0.001107s ]
INFO: [ app_begin ] --END-- [ RunTime:0.001288s ]
SQL: SHOW COLUMNS FROM `t_user` [ RunTime:0.0034s ]
NOTIC: [8] Undefined index: validate C:\wamp\www\bnuzbroadcast\ThinkPHP\Library\Think\Model.class.php 第 1185 行.
NOTIC: [8] Undefined index: auto C:\wamp\www\bnuzbroadcast\ThinkPHP\Library\Think\Model.class.php 第 1128 行.
INFO: [ app_end ] --START--
INFO: Run Behavior\ShowPageTraceBehavior [ RunTime:0.001989s ]
INFO: [ app_end ] --END-- [ RunTime:0.002232s ]

[ 2016-05-29T14:50:04+08:00 ] ::1 /bnuzbroadcast/Home/User/create
INFO: [ app_init ] --START--
INFO: Run Behavior\BuildLiteBehavior [ RunTime:0.000064s ]
INFO: [ app_init ] --END-- [ RunTime:0.001090s ]
INFO: [ app_begin ] --START--
INFO: Run Behavior\ReadHtmlCacheBehavior [ RunTime:0.001057s ]
INFO: [ app_begin ] --END-- [ RunTime:0.001264s ]
SQL: SHOW COLUMNS FROM `t_user` [ RunTime:0.0043s ]
NOTIC: [8] Undefined index: validate C:\wamp\www\bnuzbroadcast\ThinkPHP\Library\Think\Model.class.php 第 1185 行.
NOTIC: [8] Undefined index: auto C:\wamp\www\bnuzbroadcast\ThinkPHP\Library\Think\Model.class.php 第 1128 行.
INFO: [ app_end ] --START--
INFO: Run Behavior\ShowPageTraceBehavior [ RunTime:0.001008s ]
INFO: [ app_end ] --END-- [ RunTime:0.001183s ]

[ 2016-05-29T14:51:43+08:00 ] ::1 /bnuzbroadcast/Home/User/create
INFO: [ app_init ] --START--
INFO: Run Behavior\BuildLiteBehavior [ RunTime:0.000039s ]
INFO: [ app_init ] --END-- [ RunTime:0.000671s ]
INFO: [ app_begin ] --START--
INFO: Run Behavior\ReadHtmlCacheBehavior [ RunTime:0.000972s ]
INFO: [ app_begin ] --END-- [ RunTime:0.001162s ]
SQL: SHOW COLUMNS FROM `t_user` [ RunTime:0.0043s ]
NOTIC: [8] Undefined index: validate C:\wamp\www\bnuzbroadcast\ThinkPHP\Library\Think\Model.class.php 第 1185 行.
NOTIC: [8] Undefined index: auto C:\wamp\www\bnuzbroadcast\ThinkPHP\Library\Think\Model.class.php 第 1128 行.
INFO: [ app_end ] --START--
INFO: Run Behavior\ShowPageTraceBehavior [ RunTime:0.001325s ]
INFO: [ app_end ] --END-- [ RunTime:0.001564s ]

[ 2016-05-29T14:51:54+08:00 ] ::1 /bnuzbroadcast/Home/User/create
INFO: [ app_init ] --START--
INFO: Run Behavior\BuildLiteBehavior [ RunTime:0.000057s ]
INFO: [ app_init ] --END-- [ RunTime:0.000998s ]
INFO: [ app_begin ] --START--
INFO: Run Behavior\ReadHtmlCacheBehavior [ RunTime:0.000895s ]
INFO: [ app_begin ] --END-- [ RunTime:0.001080s ]
SQL: SHOW COLUMNS FROM `t_user` [ RunTime:0.0042s ]
NOTIC: [8] Undefined index: validate C:\wamp\www\bnuzbroadcast\ThinkPHP\Library\Think\Model.class.php 第 1185 行.
NOTIC: [8] Undefined index: auto C:\wamp\www\bnuzbroadcast\ThinkPHP\Library\Think\Model.class.php 第 1128 行.
INFO: [ app_end ] --START--
INFO: Run Behavior\ShowPageTraceBehavior [ RunTime:0.001033s ]
INFO: [ app_end ] --END-- [ RunTime:0.001209s ]

[ 2016-05-29T14:52:06+08:00 ] ::1 /bnuzbroadcast/Home/User/create
INFO: [ app_init ] --START--
INFO: Run Behavior\BuildLiteBehavior [ RunTime:0.000038s ]
INFO: [ app_init ] --END-- [ RunTime:0.000832s ]
INFO: [ app_begin ] --START--
INFO: Run Behavior\ReadHtmlCacheBehavior [ RunTime:0.001504s ]
INFO: [ app_begin ] --END-- [ RunTime:0.001858s ]
SQL: SHOW COLUMNS FROM `t_user` [ RunTime:0.0036s ]
NOTIC: [8] Undefined index: user C:\wamp\www\bnuzbroadcast\Application\Home\Controller\UserController.class.php 第 36 行.
NOTIC: [8] Undefined index: email C:\wamp\www\bnuzbroadcast\Application\Home\Controller\UserController.class.php 第 37 行.
NOTIC: [8] Undefined index: validate C:\wamp\www\bnuzbroadcast\ThinkPHP\Library\Think\Model.class.php 第 1185 行.
NOTIC: [8] Undefined index: auto C:\wamp\www\bnuzbroadcast\ThinkPHP\Library\Think\Model.class.php 第 1128 行.
INFO: [ app_end ] --START--
INFO: Run Behavior\ShowPageTraceBehavior [ RunTime:0.001261s ]
INFO: [ app_end ] --END-- [ RunTime:0.001477s ]

[ 2016-05-29T14:52:11+08:00 ] ::1 /bnuzbroadcast/Home/User/create
INFO: [ app_init ] --START--
INFO: Run Behavior\BuildLiteBehavior [ RunTime:0.000064s ]
INFO: [ app_init ] --END-- [ RunTime:0.000975s ]
INFO: [ app_begin ] --START--
INFO: Run Behavior\ReadHtmlCacheBehavior [ RunTime:0.001002s ]
INFO: [ app_begin ] --END-- [ RunTime:0.001271s ]
SQL: SHOW COLUMNS FROM `t_user` [ RunTime:0.0036s ]
NOTIC: [8] Undefined index: validate C:\wamp\www\bnuzbroadcast\ThinkPHP\Library\Think\Model.class.php 第 1185 行.
NOTIC: [8] Undefined index: auto C:\wamp\www\bnuzbroadcast\ThinkPHP\Library\Think\Model.class.php 第 1128 行.
INFO: [ app_end ] --START--
INFO: Run Behavior\ShowPageTraceBehavior [ RunTime:0.001299s ]
INFO: [ app_end ] --END-- [ RunTime:0.001531s ]

[ 2016-05-29T15:45:48+08:00 ] ::1 /bnuzbroadcast/Home/User/create
INFO: [ app_init ] --START--
INFO: Run Behavior\BuildLiteBehavior [ RunTime:0.000059s ]
INFO: [ app_init ] --END-- [ RunTime:0.001384s ]
INFO: [ app_begin ] --START--
INFO: Run Behavior\ReadHtmlCacheBehavior [ RunTime:0.001149s ]
INFO: [ app_begin ] --END-- [ RunTime:0.001426s ]
INFO: [ app_end ] --START--
INFO: Run Behavior\ShowPageTraceBehavior [ RunTime:0.001286s ]
INFO: [ app_end ] --END-- [ RunTime:0.001471s ]

[ 2016-05-29T15:45:53+08:00 ] ::1 /bnuzbroadcast/Home/User/add
INFO: [ app_init ] --START--
INFO: Run Behavior\BuildLiteBehavior [ RunTime:0.000041s ]
INFO: [ app_init ] --END-- [ RunTime:0.000697s ]
INFO: [ app_begin ] --START--
INFO: Run Behavior\ReadHtmlCacheBehavior [ RunTime:0.000861s ]
INFO: [ app_begin ] --END-- [ RunTime:0.001045s ]
SQL: SHOW COLUMNS FROM `t_user` [ RunTime:0.0037s ]
INFO: [ app_end ] --START--
INFO: Run Behavior\ShowPageTraceBehavior [ RunTime:0.000961s ]
INFO: [ app_end ] --END-- [ RunTime:0.001180s ]

[ 2016-05-29T15:46:21+08:00 ] ::1 /bnuzbroadcast/Home/User/create
INFO: [ app_init ] --START--
INFO: Run Behavior\BuildLiteBehavior [ RunTime:0.000040s ]
INFO: [ app_init ] --END-- [ RunTime:0.000849s ]
INFO: [ app_begin ] --START--
INFO: Run Behavior\ReadHtmlCacheBehavior [ RunTime:0.000919s ]
INFO: [ app_begin ] --END-- [ RunTime:0.001111s ]
INFO: [ app_end ] --START--
INFO: Run Behavior\ShowPageTraceBehavior [ RunTime:0.000868s ]
INFO: [ app_end ] --END-- [ RunTime:0.001045s ]

[ 2016-05-29T15:49:09+08:00 ] ::1 /bnuzbroadcast/Home/User/create
INFO: [ app_init ] --START--
INFO: Run Behavior\BuildLiteBehavior [ RunTime:0.000046s ]
INFO: [ app_init ] --END-- [ RunTime:0.000686s ]
INFO: [ app_begin ] --START--
INFO: Run Behavior\ReadHtmlCacheBehavior [ RunTime:0.001266s ]
INFO: [ app_begin ] --END-- [ RunTime:0.001498s ]
INFO: [ app_end ] --START--
INFO: Run Behavior\ShowPageTraceBehavior [ RunTime:0.001134s ]
INFO: [ app_end ] --END-- [ RunTime:0.001335s ]

[ 2016-05-29T15:49:29+08:00 ] ::1 /bnuzbroadcast/Home/User/add
INFO: [ app_init ] --START--
INFO: Run Behavior\BuildLiteBehavior [ RunTime:0.000038s ]
INFO: [ app_init ] --END-- [ RunTime:0.000702s ]
INFO: [ app_begin ] --START--
INFO: Run Behavior\ReadHtmlCacheBehavior [ RunTime:0.000995s ]
INFO: [ app_begin ] --END-- [ RunTime:0.001186s ]
SQL: SHOW COLUMNS FROM `t_user` [ RunTime:0.0037s ]
NOTIC: [8] Undefined variable: data C:\wamp\www\bnuzbroadcast\Application\Home\Controller\UserController.class.php 第 43 行.

[ 2016-05-29T15:50:41+08:00 ] ::1 /bnuzbroadcast/Home/User/add
INFO: [ app_init ] --START--
INFO: Run Behavior\BuildLiteBehavior [ RunTime:0.000048s ]
INFO: [ app_init ] --END-- [ RunTime:0.000714s ]
INFO: [ app_begin ] --START--
INFO: Run Behavior\ReadHtmlCacheBehavior [ RunTime:0.001815s ]
INFO: [ app_begin ] --END-- [ RunTime:0.002171s ]
SQL: SHOW COLUMNS FROM `t_user` [ RunTime:0.0049s ]
NOTIC: [8] Undefined variable: data C:\wamp\www\bnuzbroadcast\Application\Home\Controller\UserController.class.php 第 43 行.

[ 2016-05-29T15:51:13+08:00 ] ::1 /bnuzbroadcast/Home/User/add
INFO: [ app_init ] --START--
INFO: Run Behavior\BuildLiteBehavior [ RunTime:0.000040s ]
INFO: [ app_init ] --END-- [ RunTime:0.000647s ]
INFO: [ app_begin ] --START--
INFO: Run Behavior\ReadHtmlCacheBehavior [ RunTime:0.001030s ]
INFO: [ app_begin ] --END-- [ RunTime:0.001225s ]
SQL: SHOW COLUMNS FROM `t_user` [ RunTime:0.0036s ]
NOTIC: [8] Undefined variable: data C:\wamp\www\bnuzbroadcast\Application\Home\Controller\UserController.class.php 第 43 行.

[ 2016-05-29T15:51:16+08:00 ] ::1 /bnuzbroadcast/Home/User/add
INFO: [ app_init ] --START--
INFO: Run Behavior\BuildLiteBehavior [ RunTime:0.000050s ]
INFO: [ app_init ] --END-- [ RunTime:0.000636s ]
INFO: [ app_begin ] --START--
INFO: Run Behavior\ReadHtmlCacheBehavior [ RunTime:0.001231s ]
INFO: [ app_begin ] --END-- [ RunTime:0.001441s ]
SQL: SHOW COLUMNS FROM `t_user` [ RunTime:0.0032s ]
NOTIC: [8] Undefined variable: data C:\wamp\www\bnuzbroadcast\Application\Home\Controller\UserController.class.php 第 43 行.

[ 2016-05-29T15:53:57+08:00 ] ::1 /bnuzbroadcast/Home/User/add
INFO: [ app_init ] --START--
INFO: Run Behavior\BuildLiteBehavior [ RunTime:0.000040s ]
INFO: [ app_init ] --END-- [ RunTime:0.000760s ]
INFO: [ app_begin ] --START--
INFO: Run Behavior\ReadHtmlCacheBehavior [ RunTime:0.001027s ]
INFO: [ app_begin ] --END-- [ RunTime:0.001223s ]
SQL: SHOW COLUMNS FROM `t_user` [ RunTime:0.0034s ]
NOTIC: [8] Undefined index: validate C:\wamp\www\bnuzbroadcast\ThinkPHP\Library\Think\Model.class.php 第 1185 行.
NOTIC: [8] Undefined index: auto C:\wamp\www\bnuzbroadcast\ThinkPHP\Library\Think\Model.class.php 第 1128 行.
NOTIC: [8] Undefined variable: data C:\wamp\www\bnuzbroadcast\Application\Home\Controller\UserController.class.php 第 44 行.
SQL: INSERT INTO `t_user` (`userName`,`userMail`) VALUES ('吴锐伟','191928248@qq.com') [ RunTime:0.0005s ]
INFO: [ app_end ] --START--
INFO: Run Behavior\ShowPageTraceBehavior [ RunTime:0.001123s ]
INFO: [ app_end ] --END-- [ RunTime:0.001307s ]

[ 2016-05-29T16:06:17+08:00 ] ::1 /bnuzbroadcast/Home/User/add
INFO: [ app_init ] --START--
INFO: Run Behavior\BuildLiteBehavior [ RunTime:0.000065s ]
INFO: [ app_init ] --END-- [ RunTime:0.001312s ]
INFO: [ app_begin ] --START--
INFO: Run Behavior\ReadHtmlCacheBehavior [ RunTime:0.001026s ]
INFO: [ app_begin ] --END-- [ RunTime:0.001218s ]
SQL: SHOW COLUMNS FROM `t_user` [ RunTime:0.0035s ]
NOTIC: [8] Undefined index: validate C:\wamp\www\bnuzbroadcast\ThinkPHP\Library\Think\Model.class.php 第 1185 行.
NOTIC: [8] Undefined index: auto C:\wamp\www\bnuzbroadcast\ThinkPHP\Library\Think\Model.class.php 第 1128 行.
SQL: INSERT INTO `t_user` (`userName`,`userMail`) VALUES ('zhangyu','zhangyu@qq.com') [ RunTime:0.0004s ]
INFO: [ app_end ] --START--
INFO: Run Behavior\ShowPageTraceBehavior [ RunTime:0.001388s ]
INFO: [ app_end ] --END-- [ RunTime:0.001632s ]

[ 2016-05-29T16:11:33+08:00 ] ::1 /bnuzbroadcast/Home/User/select
INFO: [ app_init ] --START--
INFO: Run Behavior\BuildLiteBehavior [ RunTime:0.000041s ]
INFO: [ app_init ] --END-- [ RunTime:0.000744s ]
INFO: [ app_begin ] --START--
INFO: Run Behavior\ReadHtmlCacheBehavior [ RunTime:0.001069s ]
INFO: [ app_begin ] --END-- [ RunTime:0.001270s ]
SQL: SHOW COLUMNS FROM `t_user` [ RunTime:0.0045s ]
SQL: SELECT * FROM `t_user`  [ RunTime:0.0004s ]
INFO: [ app_end ] --START--
INFO: Run Behavior\ShowPageTraceBehavior [ RunTime:0.001558s ]
INFO: [ app_end ] --END-- [ RunTime:0.001783s ]

[ 2016-05-29T16:13:04+08:00 ] ::1 /bnuzbroadcast/Home/User/select
INFO: [ app_init ] --START--
INFO: Run Behavior\BuildLiteBehavior [ RunTime:0.000038s ]
INFO: [ app_init ] --END-- [ RunTime:0.000738s ]
INFO: [ app_begin ] --START--
INFO: Run Behavior\ReadHtmlCacheBehavior [ RunTime:0.001287s ]
INFO: [ app_begin ] --END-- [ RunTime:0.001535s ]
SQL: SHOW COLUMNS FROM `t_user` [ RunTime:0.0035s ]
SQL: SELECT * FROM `t_user` LIMIT 1   [ RunTime:0.0003s ]
INFO: [ app_end ] --START--
INFO: Run Behavior\ShowPageTraceBehavior [ RunTime:0.001346s ]
INFO: [ app_end ] --END-- [ RunTime:0.001600s ]

[ 2016-05-29T16:13:54+08:00 ] ::1 /bnuzbroadcast/Home/User/select
INFO: [ app_init ] --START--
INFO: Run Behavior\BuildLiteBehavior [ RunTime:0.000049s ]
INFO: [ app_init ] --END-- [ RunTime:0.000799s ]
INFO: [ app_begin ] --START--
INFO: Run Behavior\ReadHtmlCacheBehavior [ RunTime:0.001125s ]
INFO: [ app_begin ] --END-- [ RunTime:0.001327s ]
SQL: SHOW COLUMNS FROM `t_user` [ RunTime:0.0041s ]
ERR: 1054:Unknown column 'user' in 'field list'
 [ SQL语句 ] : SELECT `user` FROM `t_user` LIMIT 1  
ERR: 1054:Unknown column 'user' in 'field list'
 [ SQL语句 ] : SELECT `user` FROM `t_user` LIMIT 1  

[ 2016-05-29T16:14:23+08:00 ] ::1 /bnuzbroadcast/Home/User/select
INFO: [ app_init ] --START--
INFO: Run Behavior\BuildLiteBehavior [ RunTime:0.000066s ]
INFO: [ app_init ] --END-- [ RunTime:0.001014s ]
INFO: [ app_begin ] --START--
INFO: Run Behavior\ReadHtmlCacheBehavior [ RunTime:0.001195s ]
INFO: [ app_begin ] --END-- [ RunTime:0.001450s ]
SQL: SHOW COLUMNS FROM `t_user` [ RunTime:0.0038s ]
SQL: SELECT `userName` FROM `t_user` LIMIT 1   [ RunTime:0.0003s ]
INFO: [ app_end ] --START--
INFO: Run Behavior\ShowPageTraceBehavior [ RunTime:0.001188s ]
INFO: [ app_end ] --END-- [ RunTime:0.001398s ]

[ 2016-05-29T16:15:17+08:00 ] ::1 /bnuzbroadcast/Home/User/select
INFO: [ app_init ] --START--
INFO: Run Behavior\BuildLiteBehavior [ RunTime:0.000067s ]
INFO: [ app_init ] --END-- [ RunTime:0.001547s ]
INFO: [ app_begin ] --START--
INFO: Run Behavior\ReadHtmlCacheBehavior [ RunTime:0.001062s ]
INFO: [ app_begin ] --END-- [ RunTime:0.001775s ]
SQL: SHOW COLUMNS FROM `t_user` [ RunTime:0.0055s ]
SQL: SELECT `userName` FROM `t_user`  [ RunTime:0.0003s ]
NOTIC: [8] Undefined index: userName C:\wamp\www\bnuzbroadcast\ThinkPHP\Library\Think\Model.class.php 第 983 行.
NOTIC: [8] Undefined index: userName C:\wamp\www\bnuzbroadcast\ThinkPHP\Library\Think\Model.class.php 第 983 行.
NOTIC: [8] Undefined index: userName C:\wamp\www\bnuzbroadcast\ThinkPHP\Library\Think\Model.class.php 第 983 行.
INFO: [ app_end ] --START--
INFO: Run Behavior\ShowPageTraceBehavior [ RunTime:0.001422s ]
INFO: [ app_end ] --END-- [ RunTime:0.001676s ]

[ 2016-05-29T16:15:26+08:00 ] ::1 /bnuzbroadcast/Home/User/select
INFO: [ app_init ] --START--
INFO: Run Behavior\BuildLiteBehavior [ RunTime:0.000051s ]
INFO: [ app_init ] --END-- [ RunTime:0.000763s ]
INFO: [ app_begin ] --START--
INFO: Run Behavior\ReadHtmlCacheBehavior [ RunTime:0.001038s ]
INFO: [ app_begin ] --END-- [ RunTime:0.001227s ]
SQL: SHOW COLUMNS FROM `t_user` [ RunTime:0.0050s ]
SQL: SELECT `userName` FROM `t_user` LIMIT 1   [ RunTime:0.0004s ]
INFO: [ app_end ] --START--
INFO: Run Behavior\ShowPageTraceBehavior [ RunTime:0.001555s ]
INFO: [ app_end ] --END-- [ RunTime:0.001842s ]

[ 2016-05-29T16:15:45+08:00 ] ::1 /bnuzbroadcast/Home/User/select
INFO: [ app_init ] --START--
INFO: Run Behavior\BuildLiteBehavior [ RunTime:0.000039s ]
INFO: [ app_init ] --END-- [ RunTime:0.000679s ]
INFO: [ app_begin ] --START--
INFO: Run Behavior\ReadHtmlCacheBehavior [ RunTime:0.001033s ]
INFO: [ app_begin ] --END-- [ RunTime:0.001231s ]
SQL: SHOW COLUMNS FROM `t_user` [ RunTime:0.0033s ]
SQL: SELECT `userName` FROM `t_user`  [ RunTime:0.0003s ]
NOTIC: [8] Undefined index: userName C:\wamp\www\bnuzbroadcast\ThinkPHP\Library\Think\Model.class.php 第 983 行.
NOTIC: [8] Undefined index: userName C:\wamp\www\bnuzbroadcast\ThinkPHP\Library\Think\Model.class.php 第 983 行.
NOTIC: [8] Undefined index: userName C:\wamp\www\bnuzbroadcast\ThinkPHP\Library\Think\Model.class.php 第 983 行.
INFO: [ app_end ] --START--
INFO: Run Behavior\ShowPageTraceBehavior [ RunTime:0.001140s ]
INFO: [ app_end ] --END-- [ RunTime:0.001317s ]

[ 2016-05-29T16:16:23+08:00 ] ::1 /bnuzbroadcast/Home/User/select
INFO: [ app_init ] --START--
INFO: Run Behavior\BuildLiteBehavior [ RunTime:0.000038s ]
INFO: [ app_init ] --END-- [ RunTime:0.000635s ]
INFO: [ app_begin ] --START--
INFO: Run Behavior\ReadHtmlCacheBehavior [ RunTime:0.001502s ]
INFO: [ app_begin ] --END-- [ RunTime:0.001817s ]
SQL: SHOW COLUMNS FROM `t_user` [ RunTime:0.0039s ]
SQL: SELECT `userName` FROM `t_user`  [ RunTime:0.0003s ]
NOTIC: [8] Undefined index: userName C:\wamp\www\bnuzbroadcast\ThinkPHP\Library\Think\Model.class.php 第 983 行.
NOTIC: [8] Undefined index: userName C:\wamp\www\bnuzbroadcast\ThinkPHP\Library\Think\Model.class.php 第 983 行.
NOTIC: [8] Undefined index: userName C:\wamp\www\bnuzbroadcast\ThinkPHP\Library\Think\Model.class.php 第 983 行.
INFO: [ app_end ] --START--
INFO: Run Behavior\ShowPageTraceBehavior [ RunTime:0.001137s ]
INFO: [ app_end ] --END-- [ RunTime:0.001315s ]

[ 2016-05-29T16:16:24+08:00 ] ::1 /bnuzbroadcast/Home/User/select
INFO: [ app_init ] --START--
INFO: Run Behavior\BuildLiteBehavior [ RunTime:0.000052s ]
INFO: [ app_init ] --END-- [ RunTime:0.000706s ]
INFO: [ app_begin ] --START--
INFO: Run Behavior\ReadHtmlCacheBehavior [ RunTime:0.001001s ]
INFO: [ app_begin ] --END-- [ RunTime:0.001184s ]
SQL: SHOW COLUMNS FROM `t_user` [ RunTime:0.0037s ]
SQL: SELECT `userName` FROM `t_user`  [ RunTime:0.0003s ]
NOTIC: [8] Undefined index: userName C:\wamp\www\bnuzbroadcast\ThinkPHP\Library\Think\Model.class.php 第 983 行.
NOTIC: [8] Undefined index: userName C:\wamp\www\bnuzbroadcast\ThinkPHP\Library\Think\Model.class.php 第 983 行.
NOTIC: [8] Undefined index: userName C:\wamp\www\bnuzbroadcast\ThinkPHP\Library\Think\Model.class.php 第 983 行.
INFO: [ app_end ] --START--
INFO: Run Behavior\ShowPageTraceBehavior [ RunTime:0.001125s ]
INFO: [ app_end ] --END-- [ RunTime:0.001306s ]

[ 2016-05-29T16:17:19+08:00 ] ::1 /bnuzbroadcast/Home/User/select
INFO: [ app_init ] --START--
INFO: Run Behavior\BuildLiteBehavior [ RunTime:0.000040s ]
INFO: [ app_init ] --END-- [ RunTime:0.000833s ]
INFO: [ app_begin ] --START--
INFO: Run Behavior\ReadHtmlCacheBehavior [ RunTime:0.001092s ]
INFO: [ app_begin ] --END-- [ RunTime:0.001289s ]
SQL: SHOW COLUMNS FROM `t_user` [ RunTime:0.0034s ]
SQL: SELECT `userName` FROM `t_user`  [ RunTime:0.0003s ]
NOTIC: [8] Undefined index: userName C:\wamp\www\bnuzbroadcast\ThinkPHP\Library\Think\Model.class.php 第 983 行.
NOTIC: [8] Undefined index: userName C:\wamp\www\bnuzbroadcast\ThinkPHP\Library\Think\Model.class.php 第 983 行.
NOTIC: [8] Undefined index: userName C:\wamp\www\bnuzbroadcast\ThinkPHP\Library\Think\Model.class.php 第 983 行.
INFO: [ app_end ] --START--
INFO: Run Behavior\ShowPageTraceBehavior [ RunTime:0.001464s ]
INFO: [ app_end ] --END-- [ RunTime:0.001713s ]

[ 2016-05-29T16:17:19+08:00 ] ::1 /bnuzbroadcast/Home/User/select
INFO: [ app_init ] --START--
INFO: Run Behavior\BuildLiteBehavior [ RunTime:0.000038s ]
INFO: [ app_init ] --END-- [ RunTime:0.000645s ]
INFO: [ app_begin ] --START--
INFO: Run Behavior\ReadHtmlCacheBehavior [ RunTime:0.001048s ]
INFO: [ app_begin ] --END-- [ RunTime:0.001252s ]
SQL: SHOW COLUMNS FROM `t_user` [ RunTime:0.0038s ]
SQL: SELECT `userName` FROM `t_user`  [ RunTime:0.0003s ]
NOTIC: [8] Undefined index: userName C:\wamp\www\bnuzbroadcast\ThinkPHP\Library\Think\Model.class.php 第 983 行.
NOTIC: [8] Undefined index: userName C:\wamp\www\bnuzbroadcast\ThinkPHP\Library\Think\Model.class.php 第 983 行.
NOTIC: [8] Undefined index: userName C:\wamp\www\bnuzbroadcast\ThinkPHP\Library\Think\Model.class.php 第 983 行.
INFO: [ app_end ] --START--
INFO: Run Behavior\ShowPageTraceBehavior [ RunTime:0.001318s ]
INFO: [ app_end ] --END-- [ RunTime:0.001538s ]

[ 2016-05-29T16:17:19+08:00 ] ::1 /bnuzbroadcast/Home/User/select
INFO: [ app_init ] --START--
INFO: Run Behavior\BuildLiteBehavior [ RunTime:0.000041s ]
INFO: [ app_init ] --END-- [ RunTime:0.001050s ]
INFO: [ app_begin ] --START--
INFO: Run Behavior\ReadHtmlCacheBehavior [ RunTime:0.001309s ]
INFO: [ app_begin ] --END-- [ RunTime:0.001533s ]
SQL: SHOW COLUMNS FROM `t_user` [ RunTime:0.0044s ]
SQL: SELECT `userName` FROM `t_user`  [ RunTime:0.0003s ]
NOTIC: [8] Undefined index: userName C:\wamp\www\bnuzbroadcast\ThinkPHP\Library\Think\Model.class.php 第 983 行.
NOTIC: [8] Undefined index: userName C:\wamp\www\bnuzbroadcast\ThinkPHP\Library\Think\Model.class.php 第 983 行.
NOTIC: [8] Undefined index: userName C:\wamp\www\bnuzbroadcast\ThinkPHP\Library\Think\Model.class.php 第 983 行.
INFO: [ app_end ] --START--
INFO: Run Behavior\ShowPageTraceBehavior [ RunTime:0.001647s ]
INFO: [ app_end ] --END-- [ RunTime:0.001960s ]

[ 2016-05-29T16:17:20+08:00 ] ::1 /bnuzbroadcast/Home/User/select
INFO: [ app_init ] --START--
INFO: Run Behavior\BuildLiteBehavior [ RunTime:0.000041s ]
INFO: [ app_init ] --END-- [ RunTime:0.000690s ]
INFO: [ app_begin ] --START--
INFO: Run Behavior\ReadHtmlCacheBehavior [ RunTime:0.001015s ]
INFO: [ app_begin ] --END-- [ RunTime:0.001201s ]
SQL: SHOW COLUMNS FROM `t_user` [ RunTime:0.0033s ]
SQL: SELECT `userName` FROM `t_user`  [ RunTime:0.0003s ]
NOTIC: [8] Undefined index: userName C:\wamp\www\bnuzbroadcast\ThinkPHP\Library\Think\Model.class.php 第 983 行.
NOTIC: [8] Undefined index: userName C:\wamp\www\bnuzbroadcast\ThinkPHP\Library\Think\Model.class.php 第 983 行.
NOTIC: [8] Undefined index: userName C:\wamp\www\bnuzbroadcast\ThinkPHP\Library\Think\Model.class.php 第 983 行.
INFO: [ app_end ] --START--
INFO: Run Behavior\ShowPageTraceBehavior [ RunTime:0.001339s ]
INFO: [ app_end ] --END-- [ RunTime:0.001572s ]

[ 2016-05-29T16:17:20+08:00 ] ::1 /bnuzbroadcast/Home/User/select
INFO: [ app_init ] --START--
INFO: Run Behavior\BuildLiteBehavior [ RunTime:0.000039s ]
INFO: [ app_init ] --END-- [ RunTime:0.000711s ]
INFO: [ app_begin ] --START--
INFO: Run Behavior\ReadHtmlCacheBehavior [ RunTime:0.001338s ]
INFO: [ app_begin ] --END-- [ RunTime:0.001624s ]
SQL: SHOW COLUMNS FROM `t_user` [ RunTime:0.0034s ]
SQL: SELECT `userName` FROM `t_user`  [ RunTime:0.0003s ]
NOTIC: [8] Undefined index: userName C:\wamp\www\bnuzbroadcast\ThinkPHP\Library\Think\Model.class.php 第 983 行.
NOTIC: [8] Undefined index: userName C:\wamp\www\bnuzbroadcast\ThinkPHP\Library\Think\Model.class.php 第 983 行.
NOTIC: [8] Undefined index: userName C:\wamp\www\bnuzbroadcast\ThinkPHP\Library\Think\Model.class.php 第 983 行.
INFO: [ app_end ] --START--
INFO: Run Behavior\ShowPageTraceBehavior [ RunTime:0.001219s ]
INFO: [ app_end ] --END-- [ RunTime:0.001450s ]

[ 2016-05-29T16:17:21+08:00 ] ::1 /bnuzbroadcast/Home/User/select
INFO: [ app_init ] --START--
INFO: Run Behavior\BuildLiteBehavior [ RunTime:0.000038s ]
INFO: [ app_init ] --END-- [ RunTime:0.000702s ]
INFO: [ app_begin ] --START--
INFO: Run Behavior\ReadHtmlCacheBehavior [ RunTime:0.000992s ]
INFO: [ app_begin ] --END-- [ RunTime:0.001172s ]
SQL: SHOW COLUMNS FROM `t_user` [ RunTime:0.0034s ]
SQL: SELECT `userName` FROM `t_user`  [ RunTime:0.0003s ]
NOTIC: [8] Undefined index: userName C:\wamp\www\bnuzbroadcast\ThinkPHP\Library\Think\Model.class.php 第 983 行.
NOTIC: [8] Undefined index: userName C:\wamp\www\bnuzbroadcast\ThinkPHP\Library\Think\Model.class.php 第 983 行.
NOTIC: [8] Undefined index: userName C:\wamp\www\bnuzbroadcast\ThinkPHP\Library\Think\Model.class.php 第 983 行.
INFO: [ app_end ] --START--
INFO: Run Behavior\ShowPageTraceBehavior [ RunTime:0.001470s ]
INFO: [ app_end ] --END-- [ RunTime:0.001720s ]

[ 2016-05-29T16:17:21+08:00 ] ::1 /bnuzbroadcast/Home/User/select
INFO: [ app_init ] --START--
INFO: Run Behavior\BuildLiteBehavior [ RunTime:0.000038s ]
INFO: [ app_init ] --END-- [ RunTime:0.000656s ]
INFO: [ app_begin ] --START--
INFO: Run Behavior\ReadHtmlCacheBehavior [ RunTime:0.001592s ]
INFO: [ app_begin ] --END-- [ RunTime:0.001922s ]
SQL: SHOW COLUMNS FROM `t_user` [ RunTime:0.0046s ]
SQL: SELECT `userName` FROM `t_user`  [ RunTime:0.0004s ]
NOTIC: [8] Undefined index: userName C:\wamp\www\bnuzbroadcast\ThinkPHP\Library\Think\Model.class.php 第 983 行.
NOTIC: [8] Undefined index: userName C:\wamp\www\bnuzbroadcast\ThinkPHP\Library\Think\Model.class.php 第 983 行.
NOTIC: [8] Undefined index: userName C:\wamp\www\bnuzbroadcast\ThinkPHP\Library\Think\Model.class.php 第 983 行.
INFO: [ app_end ] --START--
INFO: Run Behavior\ShowPageTraceBehavior [ RunTime:0.001501s ]
INFO: [ app_end ] --END-- [ RunTime:0.001754s ]

[ 2016-05-29T16:17:21+08:00 ] ::1 /bnuzbroadcast/Home/User/select
INFO: [ app_init ] --START--
INFO: Run Behavior\BuildLiteBehavior [ RunTime:0.000057s ]
INFO: [ app_init ] --END-- [ RunTime:0.000783s ]
INFO: [ app_begin ] --START--
INFO: Run Behavior\ReadHtmlCacheBehavior [ RunTime:0.000992s ]
INFO: [ app_begin ] --END-- [ RunTime:0.001178s ]
SQL: SHOW COLUMNS FROM `t_user` [ RunTime:0.0034s ]
SQL: SELECT `userName` FROM `t_user`  [ RunTime:0.0003s ]
NOTIC: [8] Undefined index: userName C:\wamp\www\bnuzbroadcast\ThinkPHP\Library\Think\Model.class.php 第 983 行.
NOTIC: [8] Undefined index: userName C:\wamp\www\bnuzbroadcast\ThinkPHP\Library\Think\Model.class.php 第 983 行.
NOTIC: [8] Undefined index: userName C:\wamp\www\bnuzbroadcast\ThinkPHP\Library\Think\Model.class.php 第 983 行.
INFO: [ app_end ] --START--
INFO: Run Behavior\ShowPageTraceBehavior [ RunTime:0.001028s ]
INFO: [ app_end ] --END-- [ RunTime:0.001202s ]

[ 2016-05-29T16:17:21+08:00 ] ::1 /bnuzbroadcast/Home/User/select
INFO: [ app_init ] --START--
INFO: Run Behavior\BuildLiteBehavior [ RunTime:0.000052s ]
INFO: [ app_init ] --END-- [ RunTime:0.000909s ]
INFO: [ app_begin ] --START--
INFO: Run Behavior\ReadHtmlCacheBehavior [ RunTime:0.001343s ]
INFO: [ app_begin ] --END-- [ RunTime:0.001668s ]
SQL: SHOW COLUMNS FROM `t_user` [ RunTime:0.0036s ]
SQL: SELECT `userName` FROM `t_user`  [ RunTime:0.0003s ]
NOTIC: [8] Undefined index: userName C:\wamp\www\bnuzbroadcast\ThinkPHP\Library\Think\Model.class.php 第 983 行.
NOTIC: [8] Undefined index: userName C:\wamp\www\bnuzbroadcast\ThinkPHP\Library\Think\Model.class.php 第 983 行.
NOTIC: [8] Undefined index: userName C:\wamp\www\bnuzbroadcast\ThinkPHP\Library\Think\Model.class.php 第 983 行.
INFO: [ app_end ] --START--
INFO: Run Behavior\ShowPageTraceBehavior [ RunTime:0.000940s ]
INFO: [ app_end ] --END-- [ RunTime:0.001136s ]

[ 2016-05-29T16:17:21+08:00 ] ::1 /bnuzbroadcast/Home/User/select
INFO: [ app_init ] --START--
INFO: Run Behavior\BuildLiteBehavior [ RunTime:0.000041s ]
INFO: [ app_init ] --END-- [ RunTime:0.000666s ]
INFO: [ app_begin ] --START--
INFO: Run Behavior\ReadHtmlCacheBehavior [ RunTime:0.000921s ]
INFO: [ app_begin ] --END-- [ RunTime:0.001146s ]
SQL: SHOW COLUMNS FROM `t_user` [ RunTime:0.0034s ]
SQL: SELECT `userName` FROM `t_user`  [ RunTime:0.0003s ]
NOTIC: [8] Undefined index: userName C:\wamp\www\bnuzbroadcast\ThinkPHP\Library\Think\Model.class.php 第 983 行.
NOTIC: [8] Undefined index: userName C:\wamp\www\bnuzbroadcast\ThinkPHP\Library\Think\Model.class.php 第 983 行.
NOTIC: [8] Undefined index: userName C:\wamp\www\bnuzbroadcast\ThinkPHP\Library\Think\Model.class.php 第 983 行.
INFO: [ app_end ] --START--
INFO: Run Behavior\ShowPageTraceBehavior [ RunTime:0.001056s ]
INFO: [ app_end ] --END-- [ RunTime:0.001245s ]

[ 2016-05-29T16:17:21+08:00 ] ::1 /bnuzbroadcast/Home/User/select
INFO: [ app_init ] --START--
INFO: Run Behavior\BuildLiteBehavior [ RunTime:0.000040s ]
INFO: [ app_init ] --END-- [ RunTime:0.000938s ]
INFO: [ app_begin ] --START--
INFO: Run Behavior\ReadHtmlCacheBehavior [ RunTime:0.001104s ]
INFO: [ app_begin ] --END-- [ RunTime:0.001316s ]
SQL: SHOW COLUMNS FROM `t_user` [ RunTime:0.0038s ]
SQL: SELECT `userName` FROM `t_user`  [ RunTime:0.0003s ]
NOTIC: [8] Undefined index: userName C:\wamp\www\bnuzbroadcast\ThinkPHP\Library\Think\Model.class.php 第 983 行.
NOTIC: [8] Undefined index: userName C:\wamp\www\bnuzbroadcast\ThinkPHP\Library\Think\Model.class.php 第 983 行.
NOTIC: [8] Undefined index: userName C:\wamp\www\bnuzbroadcast\ThinkPHP\Library\Think\Model.class.php 第 983 行.
INFO: [ app_end ] --START--
INFO: Run Behavior\ShowPageTraceBehavior [ RunTime:0.001263s ]
INFO: [ app_end ] --END-- [ RunTime:0.001492s ]

[ 2016-05-29T16:17:22+08:00 ] ::1 /bnuzbroadcast/Home/User/select
INFO: [ app_init ] --START--
INFO: Run Behavior\BuildLiteBehavior [ RunTime:0.000068s ]
INFO: [ app_init ] --END-- [ RunTime:0.001034s ]
INFO: [ app_begin ] --START--
INFO: Run Behavior\ReadHtmlCacheBehavior [ RunTime:0.001425s ]
INFO: [ app_begin ] --END-- [ RunTime:0.001694s ]
SQL: SHOW COLUMNS FROM `t_user` [ RunTime:0.0038s ]
SQL: SELECT `userName` FROM `t_user`  [ RunTime:0.0003s ]
NOTIC: [8] Undefined index: userName C:\wamp\www\bnuzbroadcast\ThinkPHP\Library\Think\Model.class.php 第 983 行.
NOTIC: [8] Undefined index: userName C:\wamp\www\bnuzbroadcast\ThinkPHP\Library\Think\Model.class.php 第 983 行.
NOTIC: [8] Undefined index: userName C:\wamp\www\bnuzbroadcast\ThinkPHP\Library\Think\Model.class.php 第 983 行.
INFO: [ app_end ] --START--
INFO: Run Behavior\ShowPageTraceBehavior [ RunTime:0.001050s ]
INFO: [ app_end ] --END-- [ RunTime:0.001258s ]

[ 2016-05-29T16:17:22+08:00 ] ::1 /bnuzbroadcast/Home/User/select
INFO: [ app_init ] --START--
INFO: Run Behavior\BuildLiteBehavior [ RunTime:0.000065s ]
INFO: [ app_init ] --END-- [ RunTime:0.000979s ]
INFO: [ app_begin ] --START--
INFO: Run Behavior\ReadHtmlCacheBehavior [ RunTime:0.001162s ]
INFO: [ app_begin ] --END-- [ RunTime:0.001419s ]
SQL: SHOW COLUMNS FROM `t_user` [ RunTime:0.0034s ]
SQL: SELECT `userName` FROM `t_user`  [ RunTime:0.0004s ]
NOTIC: [8] Undefined index: userName C:\wamp\www\bnuzbroadcast\ThinkPHP\Library\Think\Model.class.php 第 983 行.
NOTIC: [8] Undefined index: userName C:\wamp\www\bnuzbroadcast\ThinkPHP\Library\Think\Model.class.php 第 983 行.
NOTIC: [8] Undefined index: userName C:\wamp\www\bnuzbroadcast\ThinkPHP\Library\Think\Model.class.php 第 983 行.
INFO: [ app_end ] --START--
INFO: Run Behavior\ShowPageTraceBehavior [ RunTime:0.002278s ]
INFO: [ app_end ] --END-- [ RunTime:0.002602s ]

[ 2016-05-29T16:17:22+08:00 ] ::1 /bnuzbroadcast/Home/User/select
INFO: [ app_init ] --START--
INFO: Run Behavior\BuildLiteBehavior [ RunTime:0.000039s ]
INFO: [ app_init ] --END-- [ RunTime:0.000684s ]
INFO: [ app_begin ] --START--
INFO: Run Behavior\ReadHtmlCacheBehavior [ RunTime:0.001847s ]
INFO: [ app_begin ] --END-- [ RunTime:0.002166s ]
SQL: SHOW COLUMNS FROM `t_user` [ RunTime:0.0036s ]
SQL: SELECT `userName` FROM `t_user`  [ RunTime:0.0003s ]
NOTIC: [8] Undefined index: userName C:\wamp\www\bnuzbroadcast\ThinkPHP\Library\Think\Model.class.php 第 983 行.
NOTIC: [8] Undefined index: userName C:\wamp\www\bnuzbroadcast\ThinkPHP\Library\Think\Model.class.php 第 983 行.
NOTIC: [8] Undefined index: userName C:\wamp\www\bnuzbroadcast\ThinkPHP\Library\Think\Model.class.php 第 983 行.
INFO: [ app_end ] --START--
INFO: Run Behavior\ShowPageTraceBehavior [ RunTime:0.001118s ]
INFO: [ app_end ] --END-- [ RunTime:0.001293s ]

[ 2016-05-29T16:17:22+08:00 ] ::1 /bnuzbroadcast/Home/User/select
INFO: [ app_init ] --START--
INFO: Run Behavior\BuildLiteBehavior [ RunTime:0.000038s ]
INFO: [ app_init ] --END-- [ RunTime:0.000638s ]
INFO: [ app_begin ] --START--
INFO: Run Behavior\ReadHtmlCacheBehavior [ RunTime:0.001020s ]
INFO: [ app_begin ] --END-- [ RunTime:0.001202s ]
SQL: SHOW COLUMNS FROM `t_user` [ RunTime:0.0037s ]
SQL: SELECT `userName` FROM `t_user`  [ RunTime:0.0003s ]
NOTIC: [8] Undefined index: userName C:\wamp\www\bnuzbroadcast\ThinkPHP\Library\Think\Model.class.php 第 983 行.
NOTIC: [8] Undefined index: userName C:\wamp\www\bnuzbroadcast\ThinkPHP\Library\Think\Model.class.php 第 983 行.
NOTIC: [8] Undefined index: userName C:\wamp\www\bnuzbroadcast\ThinkPHP\Library\Think\Model.class.php 第 983 行.
INFO: [ app_end ] --START--
INFO: Run Behavior\ShowPageTraceBehavior [ RunTime:0.001237s ]
INFO: [ app_end ] --END-- [ RunTime:0.001455s ]

[ 2016-05-29T16:17:23+08:00 ] ::1 /bnuzbroadcast/Home/User/select
INFO: [ app_init ] --START--
INFO: Run Behavior\BuildLiteBehavior [ RunTime:0.000038s ]
INFO: [ app_init ] --END-- [ RunTime:0.000636s ]
INFO: [ app_begin ] --START--
INFO: Run Behavior\ReadHtmlCacheBehavior [ RunTime:0.001009s ]
INFO: [ app_begin ] --END-- [ RunTime:0.001189s ]
SQL: SHOW COLUMNS FROM `t_user` [ RunTime:0.0043s ]
SQL: SELECT `userName` FROM `t_user`  [ RunTime:0.0003s ]
NOTIC: [8] Undefined index: userName C:\wamp\www\bnuzbroadcast\ThinkPHP\Library\Think\Model.class.php 第 983 行.
NOTIC: [8] Undefined index: userName C:\wamp\www\bnuzbroadcast\ThinkPHP\Library\Think\Model.class.php 第 983 行.
NOTIC: [8] Undefined index: userName C:\wamp\www\bnuzbroadcast\ThinkPHP\Library\Think\Model.class.php 第 983 行.
INFO: [ app_end ] --START--
INFO: Run Behavior\ShowPageTraceBehavior [ RunTime:0.001599s ]
INFO: [ app_end ] --END-- [ RunTime:0.001845s ]

[ 2016-05-29T16:17:23+08:00 ] ::1 /bnuzbroadcast/Home/User/select
INFO: [ app_init ] --START--
INFO: Run Behavior\BuildLiteBehavior [ RunTime:0.000038s ]
INFO: [ app_init ] --END-- [ RunTime:0.000635s ]
INFO: [ app_begin ] --START--
INFO: Run Behavior\ReadHtmlCacheBehavior [ RunTime:0.001070s ]
INFO: [ app_begin ] --END-- [ RunTime:0.001255s ]
SQL: SHOW COLUMNS FROM `t_user` [ RunTime:0.0041s ]
SQL: SELECT `userName` FROM `t_user`  [ RunTime:0.0003s ]
NOTIC: [8] Undefined index: userName C:\wamp\www\bnuzbroadcast\ThinkPHP\Library\Think\Model.class.php 第 983 行.
NOTIC: [8] Undefined index: userName C:\wamp\www\bnuzbroadcast\ThinkPHP\Library\Think\Model.class.php 第 983 行.
NOTIC: [8] Undefined index: userName C:\wamp\www\bnuzbroadcast\ThinkPHP\Library\Think\Model.class.php 第 983 行.
INFO: [ app_end ] --START--
INFO: Run Behavior\ShowPageTraceBehavior [ RunTime:0.001167s ]
INFO: [ app_end ] --END-- [ RunTime:0.001344s ]

[ 2016-05-29T16:17:24+08:00 ] ::1 /bnuzbroadcast/Home/User/select
INFO: [ app_init ] --START--
INFO: Run Behavior\BuildLiteBehavior [ RunTime:0.000067s ]
INFO: [ app_init ] --END-- [ RunTime:0.001012s ]
INFO: [ app_begin ] --START--
INFO: Run Behavior\ReadHtmlCacheBehavior [ RunTime:0.001297s ]
INFO: [ app_begin ] --END-- [ RunTime:0.001585s ]
SQL: SHOW COLUMNS FROM `t_user` [ RunTime:0.0040s ]
SQL: SELECT `userName` FROM `t_user`  [ RunTime:0.0003s ]
NOTIC: [8] Undefined index: userName C:\wamp\www\bnuzbroadcast\ThinkPHP\Library\Think\Model.class.php 第 983 行.
NOTIC: [8] Undefined index: userName C:\wamp\www\bnuzbroadcast\ThinkPHP\Library\Think\Model.class.php 第 983 行.
NOTIC: [8] Undefined index: userName C:\wamp\www\bnuzbroadcast\ThinkPHP\Library\Think\Model.class.php 第 983 行.
INFO: [ app_end ] --START--
INFO: Run Behavior\ShowPageTraceBehavior [ RunTime:0.001520s ]
INFO: [ app_end ] --END-- [ RunTime:0.001736s ]

[ 2016-05-29T16:17:24+08:00 ] ::1 /bnuzbroadcast/Home/User/select
INFO: [ app_init ] --START--
INFO: Run Behavior\BuildLiteBehavior [ RunTime:0.000041s ]
INFO: [ app_init ] --END-- [ RunTime:0.000919s ]
INFO: [ app_begin ] --START--
INFO: Run Behavior\ReadHtmlCacheBehavior [ RunTime:0.001088s ]
INFO: [ app_begin ] --END-- [ RunTime:0.001300s ]
SQL: SHOW COLUMNS FROM `t_user` [ RunTime:0.0035s ]
SQL: SELECT `userName` FROM `t_user`  [ RunTime:0.0003s ]
NOTIC: [8] Undefined index: userName C:\wamp\www\bnuzbroadcast\ThinkPHP\Library\Think\Model.class.php 第 983 行.
NOTIC: [8] Undefined index: userName C:\wamp\www\bnuzbroadcast\ThinkPHP\Library\Think\Model.class.php 第 983 行.
NOTIC: [8] Undefined index: userName C:\wamp\www\bnuzbroadcast\ThinkPHP\Library\Think\Model.class.php 第 983 行.
INFO: [ app_end ] --START--
INFO: Run Behavior\ShowPageTraceBehavior [ RunTime:0.001362s ]
INFO: [ app_end ] --END-- [ RunTime:0.001615s ]

[ 2016-05-29T16:17:24+08:00 ] ::1 /bnuzbroadcast/Home/User/select
INFO: [ app_init ] --START--
INFO: Run Behavior\BuildLiteBehavior [ RunTime:0.000065s ]
INFO: [ app_init ] --END-- [ RunTime:0.001165s ]
INFO: [ app_begin ] --START--
INFO: Run Behavior\ReadHtmlCacheBehavior [ RunTime:0.001537s ]
INFO: [ app_begin ] --END-- [ RunTime:0.001783s ]
SQL: SHOW COLUMNS FROM `t_user` [ RunTime:0.0037s ]
SQL: SELECT `userName` FROM `t_user`  [ RunTime:0.0003s ]
NOTIC: [8] Undefined index: userName C:\wamp\www\bnuzbroadcast\ThinkPHP\Library\Think\Model.class.php 第 983 行.
NOTIC: [8] Undefined index: userName C:\wamp\www\bnuzbroadcast\ThinkPHP\Library\Think\Model.class.php 第 983 行.
NOTIC: [8] Undefined index: userName C:\wamp\www\bnuzbroadcast\ThinkPHP\Library\Think\Model.class.php 第 983 行.
INFO: [ app_end ] --START--
INFO: Run Behavior\ShowPageTraceBehavior [ RunTime:0.001275s ]
INFO: [ app_end ] --END-- [ RunTime:0.001477s ]

[ 2016-05-29T16:17:24+08:00 ] ::1 /bnuzbroadcast/Home/User/select
INFO: [ app_init ] --START--
INFO: Run Behavior\BuildLiteBehavior [ RunTime:0.000073s ]
INFO: [ app_init ] --END-- [ RunTime:0.001006s ]
INFO: [ app_begin ] --START--
INFO: Run Behavior\ReadHtmlCacheBehavior [ RunTime:0.001017s ]
INFO: [ app_begin ] --END-- [ RunTime:0.001222s ]
SQL: SHOW COLUMNS FROM `t_user` [ RunTime:0.0037s ]
SQL: SELECT `userName` FROM `t_user`  [ RunTime:0.0003s ]
NOTIC: [8] Undefined index: userName C:\wamp\www\bnuzbroadcast\ThinkPHP\Library\Think\Model.class.php 第 983 行.
NOTIC: [8] Undefined index: userName C:\wamp\www\bnuzbroadcast\ThinkPHP\Library\Think\Model.class.php 第 983 行.
NOTIC: [8] Undefined index: userName C:\wamp\www\bnuzbroadcast\ThinkPHP\Library\Think\Model.class.php 第 983 行.
INFO: [ app_end ] --START--
INFO: Run Behavior\ShowPageTraceBehavior [ RunTime:0.001398s ]
INFO: [ app_end ] --END-- [ RunTime:0.001689s ]

[ 2016-05-29T16:17:24+08:00 ] ::1 /bnuzbroadcast/Home/User/select
INFO: [ app_init ] --START--
INFO: Run Behavior\BuildLiteBehavior [ RunTime:0.000039s ]
INFO: [ app_init ] --END-- [ RunTime:0.000634s ]
INFO: [ app_begin ] --START--
INFO: Run Behavior\ReadHtmlCacheBehavior [ RunTime:0.001041s ]
INFO: [ app_begin ] --END-- [ RunTime:0.001232s ]
SQL: SHOW COLUMNS FROM `t_user` [ RunTime:0.0036s ]
SQL: SELECT `userName` FROM `t_user`  [ RunTime:0.0003s ]
NOTIC: [8] Undefined index: userName C:\wamp\www\bnuzbroadcast\ThinkPHP\Library\Think\Model.class.php 第 983 行.
NOTIC: [8] Undefined index: userName C:\wamp\www\bnuzbroadcast\ThinkPHP\Library\Think\Model.class.php 第 983 行.
NOTIC: [8] Undefined index: userName C:\wamp\www\bnuzbroadcast\ThinkPHP\Library\Think\Model.class.php 第 983 行.
INFO: [ app_end ] --START--
INFO: Run Behavior\ShowPageTraceBehavior [ RunTime:0.001412s ]
INFO: [ app_end ] --END-- [ RunTime:0.001637s ]

[ 2016-05-29T16:17:25+08:00 ] ::1 /bnuzbroadcast/Home/User/select
INFO: [ app_init ] --START--
INFO: Run Behavior\BuildLiteBehavior [ RunTime:0.000042s ]
INFO: [ app_init ] --END-- [ RunTime:0.000875s ]
INFO: [ app_begin ] --START--
INFO: Run Behavior\ReadHtmlCacheBehavior [ RunTime:0.001138s ]
INFO: [ app_begin ] --END-- [ RunTime:0.001338s ]
SQL: SHOW COLUMNS FROM `t_user` [ RunTime:0.0037s ]
SQL: SELECT `userName` FROM `t_user`  [ RunTime:0.0003s ]
NOTIC: [8] Undefined index: userName C:\wamp\www\bnuzbroadcast\ThinkPHP\Library\Think\Model.class.php 第 983 行.
NOTIC: [8] Undefined index: userName C:\wamp\www\bnuzbroadcast\ThinkPHP\Library\Think\Model.class.php 第 983 行.
NOTIC: [8] Undefined index: userName C:\wamp\www\bnuzbroadcast\ThinkPHP\Library\Think\Model.class.php 第 983 行.
INFO: [ app_end ] --START--
INFO: Run Behavior\ShowPageTraceBehavior [ RunTime:0.001475s ]
INFO: [ app_end ] --END-- [ RunTime:0.001716s ]

[ 2016-05-29T16:17:25+08:00 ] ::1 /bnuzbroadcast/Home/User/select
INFO: [ app_init ] --START--
INFO: Run Behavior\BuildLiteBehavior [ RunTime:0.000049s ]
INFO: [ app_init ] --END-- [ RunTime:0.000643s ]
INFO: [ app_begin ] --START--
INFO: Run Behavior\ReadHtmlCacheBehavior [ RunTime:0.001009s ]
INFO: [ app_begin ] --END-- [ RunTime:0.001190s ]
SQL: SHOW COLUMNS FROM `t_user` [ RunTime:0.0036s ]
SQL: SELECT `userName` FROM `t_user`  [ RunTime:0.0003s ]
NOTIC: [8] Undefined index: userName C:\wamp\www\bnuzbroadcast\ThinkPHP\Library\Think\Model.class.php 第 983 行.
NOTIC: [8] Undefined index: userName C:\wamp\www\bnuzbroadcast\ThinkPHP\Library\Think\Model.class.php 第 983 行.
NOTIC: [8] Undefined index: userName C:\wamp\www\bnuzbroadcast\ThinkPHP\Library\Think\Model.class.php 第 983 行.
INFO: [ app_end ] --START--
INFO: Run Behavior\ShowPageTraceBehavior [ RunTime:0.001298s ]
INFO: [ app_end ] --END-- [ RunTime:0.001481s ]

[ 2016-05-29T16:18:15+08:00 ] ::1 /bnuzbroadcast/Home/User/select
INFO: [ app_init ] --START--
INFO: Run Behavior\BuildLiteBehavior [ RunTime:0.000040s ]
INFO: [ app_init ] --END-- [ RunTime:0.001008s ]
INFO: [ app_begin ] --START--
INFO: Run Behavior\ReadHtmlCacheBehavior [ RunTime:0.001316s ]
INFO: [ app_begin ] --END-- [ RunTime:0.001604s ]
SQL: SHOW COLUMNS FROM `t_user` [ RunTime:0.0034s ]
SQL: SELECT `userName`,`userMail` FROM `t_user`  [ RunTime:0.0003s ]
INFO: [ app_end ] --START--
INFO: Run Behavior\ShowPageTraceBehavior [ RunTime:0.001261s ]
INFO: [ app_end ] --END-- [ RunTime:0.001479s ]

[ 2016-05-29T16:20:27+08:00 ] ::1 /bnuzbroadcast/Home/User/select
INFO: [ app_init ] --START--
INFO: Run Behavior\BuildLiteBehavior [ RunTime:0.000039s ]
INFO: [ app_init ] --END-- [ RunTime:0.000650s ]
INFO: [ app_begin ] --START--
INFO: Run Behavior\ReadHtmlCacheBehavior [ RunTime:0.001107s ]
INFO: [ app_begin ] --END-- [ RunTime:0.001307s ]
SQL: SHOW COLUMNS FROM `t_user` [ RunTime:0.0039s ]
SQL: SELECT `userId`,`userName`,`userMail` FROM `t_user`  [ RunTime:0.0004s ]
INFO: [ app_end ] --START--
INFO: Run Behavior\ShowPageTraceBehavior [ RunTime:0.001208s ]
INFO: [ app_end ] --END-- [ RunTime:0.001397s ]

[ 2016-05-29T19:54:54+08:00 ] ::1 /bnuzbroadcast/Home/User/add
INFO: [ app_init ] --START--
INFO: Run Behavior\BuildLiteBehavior [ RunTime:0.000038s ]
INFO: [ app_init ] --END-- [ RunTime:0.000681s ]
INFO: [ app_begin ] --START--
INFO: Run Behavior\ReadHtmlCacheBehavior [ RunTime:0.001291s ]
INFO: [ app_begin ] --END-- [ RunTime:0.001555s ]

[ 2016-05-29T19:54:54+08:00 ] ::1 /bnuzbroadcast/Home/User/add
INFO: [ app_init ] --START--
INFO: Run Behavior\BuildLiteBehavior [ RunTime:0.000039s ]
INFO: [ app_init ] --END-- [ RunTime:0.000764s ]
INFO: [ app_begin ] --START--
INFO: Run Behavior\ReadHtmlCacheBehavior [ RunTime:0.001755s ]
INFO: [ app_begin ] --END-- [ RunTime:0.002109s ]

[ 2016-05-29T19:55:00+08:00 ] ::1 /bnuzbroadcast/Home/User/add
INFO: [ app_init ] --START--
INFO: Run Behavior\BuildLiteBehavior [ RunTime:0.000040s ]
INFO: [ app_init ] --END-- [ RunTime:0.000748s ]
INFO: [ app_begin ] --START--
INFO: Run Behavior\ReadHtmlCacheBehavior [ RunTime:0.001649s ]
INFO: [ app_begin ] --END-- [ RunTime:0.002001s ]

[ 2016-05-29T19:55:00+08:00 ] ::1 /bnuzbroadcast/Home/User/add
INFO: [ app_init ] --START--
INFO: Run Behavior\BuildLiteBehavior [ RunTime:0.000061s ]
INFO: [ app_init ] --END-- [ RunTime:0.001611s ]
INFO: [ app_begin ] --START--
INFO: Run Behavior\ReadHtmlCacheBehavior [ RunTime:0.001684s ]
INFO: [ app_begin ] --END-- [ RunTime:0.002057s ]

[ 2016-05-29T19:55:14+08:00 ] ::1 /bnuzbroadcast/Home/User/add
INFO: [ app_init ] --START--
INFO: Run Behavior\BuildLiteBehavior [ RunTime:0.000058s ]
INFO: [ app_init ] --END-- [ RunTime:0.000842s ]
INFO: [ app_begin ] --START--
INFO: Run Behavior\ReadHtmlCacheBehavior [ RunTime:0.001072s ]
INFO: [ app_begin ] --END-- [ RunTime:0.001323s ]

[ 2016-05-29T19:55:14+08:00 ] ::1 /bnuzbroadcast/Home/User/add
INFO: [ app_init ] --START--
INFO: Run Behavior\BuildLiteBehavior [ RunTime:0.000065s ]
INFO: [ app_init ] --END-- [ RunTime:0.001083s ]
INFO: [ app_begin ] --START--
INFO: Run Behavior\ReadHtmlCacheBehavior [ RunTime:0.001608s ]
INFO: [ app_begin ] --END-- [ RunTime:0.002042s ]

[ 2016-05-29T19:55:47+08:00 ] ::1 /bnuzbroadcast/Home/User/add
INFO: [ app_init ] --START--
INFO: Run Behavior\BuildLiteBehavior [ RunTime:0.000041s ]
INFO: [ app_init ] --END-- [ RunTime:0.000786s ]
INFO: [ app_begin ] --START--
INFO: Run Behavior\ReadHtmlCacheBehavior [ RunTime:0.002143s ]
INFO: [ app_begin ] --END-- [ RunTime:0.002512s ]

[ 2016-05-29T19:55:47+08:00 ] ::1 /bnuzbroadcast/Home/User/add
INFO: [ app_init ] --START--
INFO: Run Behavior\BuildLiteBehavior [ RunTime:0.000065s ]
INFO: [ app_init ] --END-- [ RunTime:0.000881s ]
INFO: [ app_begin ] --START--
INFO: Run Behavior\ReadHtmlCacheBehavior [ RunTime:0.001318s ]
INFO: [ app_begin ] --END-- [ RunTime:0.001575s ]

[ 2016-05-29T19:55:47+08:00 ] ::1 /bnuzbroadcast/Home/User/add
INFO: [ app_init ] --START--
INFO: Run Behavior\BuildLiteBehavior [ RunTime:0.000038s ]
INFO: [ app_init ] --END-- [ RunTime:0.000845s ]
INFO: [ app_begin ] --START--
INFO: Run Behavior\ReadHtmlCacheBehavior [ RunTime:0.001211s ]
INFO: [ app_begin ] --END-- [ RunTime:0.001429s ]

[ 2016-05-29T19:55:47+08:00 ] ::1 /bnuzbroadcast/Home/User/add
INFO: [ app_init ] --START--
INFO: Run Behavior\BuildLiteBehavior [ RunTime:0.000038s ]
INFO: [ app_init ] --END-- [ RunTime:0.000637s ]
INFO: [ app_begin ] --START--
INFO: Run Behavior\ReadHtmlCacheBehavior [ RunTime:0.001514s ]
INFO: [ app_begin ] --END-- [ RunTime:0.001825s ]

[ 2016-05-29T19:55:48+08:00 ] ::1 /bnuzbroadcast/Home/User/add
INFO: [ app_init ] --START--
INFO: Run Behavior\BuildLiteBehavior [ RunTime:0.000064s ]
INFO: [ app_init ] --END-- [ RunTime:0.001139s ]
INFO: [ app_begin ] --START--
INFO: Run Behavior\ReadHtmlCacheBehavior [ RunTime:0.001030s ]
INFO: [ app_begin ] --END-- [ RunTime:0.001220s ]

[ 2016-05-29T19:55:48+08:00 ] ::1 /bnuzbroadcast/Home/User/add
INFO: [ app_init ] --START--
INFO: Run Behavior\BuildLiteBehavior [ RunTime:0.000039s ]
INFO: [ app_init ] --END-- [ RunTime:0.000780s ]
INFO: [ app_begin ] --START--
INFO: Run Behavior\ReadHtmlCacheBehavior [ RunTime:0.001474s ]
INFO: [ app_begin ] --END-- [ RunTime:0.001704s ]

[ 2016-05-29T19:55:48+08:00 ] ::1 /bnuzbroadcast/Home/User/add
INFO: [ app_init ] --START--
INFO: Run Behavior\BuildLiteBehavior [ RunTime:0.000064s ]
INFO: [ app_init ] --END-- [ RunTime:0.001001s ]
INFO: [ app_begin ] --START--
INFO: Run Behavior\ReadHtmlCacheBehavior [ RunTime:0.001594s ]
INFO: [ app_begin ] --END-- [ RunTime:0.001949s ]

[ 2016-05-29T19:55:49+08:00 ] ::1 /bnuzbroadcast/Home/User/add
INFO: [ app_init ] --START--
INFO: Run Behavior\BuildLiteBehavior [ RunTime:0.000050s ]
INFO: [ app_init ] --END-- [ RunTime:0.000919s ]
INFO: [ app_begin ] --START--
INFO: Run Behavior\ReadHtmlCacheBehavior [ RunTime:0.001139s ]
INFO: [ app_begin ] --END-- [ RunTime:0.001345s ]

[ 2016-05-29T19:55:49+08:00 ] ::1 /bnuzbroadcast/Home/User/add
INFO: [ app_init ] --START--
INFO: Run Behavior\BuildLiteBehavior [ RunTime:0.000057s ]
INFO: [ app_init ] --END-- [ RunTime:0.000927s ]
INFO: [ app_begin ] --START--
INFO: Run Behavior\ReadHtmlCacheBehavior [ RunTime:0.001414s ]
INFO: [ app_begin ] --END-- [ RunTime:0.001755s ]

[ 2016-05-29T19:55:49+08:00 ] ::1 /bnuzbroadcast/Home/User/add
INFO: [ app_init ] --START--
INFO: Run Behavior\BuildLiteBehavior [ RunTime:0.000063s ]
INFO: [ app_init ] --END-- [ RunTime:0.001034s ]
INFO: [ app_begin ] --START--
INFO: Run Behavior\ReadHtmlCacheBehavior [ RunTime:0.001594s ]
INFO: [ app_begin ] --END-- [ RunTime:0.001929s ]

[ 2016-05-29T19:55:49+08:00 ] ::1 /bnuzbroadcast/Home/User/add
INFO: [ app_init ] --START--
INFO: Run Behavior\BuildLiteBehavior [ RunTime:0.000039s ]
INFO: [ app_init ] --END-- [ RunTime:0.000732s ]
INFO: [ app_begin ] --START--
INFO: Run Behavior\ReadHtmlCacheBehavior [ RunTime:0.001093s ]
INFO: [ app_begin ] --END-- [ RunTime:0.001387s ]

[ 2016-05-29T19:55:49+08:00 ] ::1 /bnuzbroadcast/Home/User/add
INFO: [ app_init ] --START--
INFO: Run Behavior\BuildLiteBehavior [ RunTime:0.000065s ]
INFO: [ app_init ] --END-- [ RunTime:0.001073s ]
INFO: [ app_begin ] --START--
INFO: Run Behavior\ReadHtmlCacheBehavior [ RunTime:0.001837s ]
INFO: [ app_begin ] --END-- [ RunTime:0.002228s ]

[ 2016-05-29T19:55:49+08:00 ] ::1 /bnuzbroadcast/Home/User/add
INFO: [ app_init ] --START--
INFO: Run Behavior\BuildLiteBehavior [ RunTime:0.000039s ]
INFO: [ app_init ] --END-- [ RunTime:0.000672s ]
INFO: [ app_begin ] --START--
INFO: Run Behavior\ReadHtmlCacheBehavior [ RunTime:0.001175s ]
INFO: [ app_begin ] --END-- [ RunTime:0.001397s ]

[ 2016-05-29T19:55:50+08:00 ] ::1 /bnuzbroadcast/Home/User/add
INFO: [ app_init ] --START--
INFO: Run Behavior\BuildLiteBehavior [ RunTime:0.000037s ]
INFO: [ app_init ] --END-- [ RunTime:0.000769s ]
INFO: [ app_begin ] --START--
INFO: Run Behavior\ReadHtmlCacheBehavior [ RunTime:0.001078s ]
INFO: [ app_begin ] --END-- [ RunTime:0.001297s ]

[ 2016-05-29T19:55:50+08:00 ] ::1 /bnuzbroadcast/Home/User/add
INFO: [ app_init ] --START--
INFO: Run Behavior\BuildLiteBehavior [ RunTime:0.000039s ]
INFO: [ app_init ] --END-- [ RunTime:0.000808s ]
INFO: [ app_begin ] --START--
INFO: Run Behavior\ReadHtmlCacheBehavior [ RunTime:0.001268s ]
INFO: [ app_begin ] --END-- [ RunTime:0.001581s ]

[ 2016-05-29T19:55:50+08:00 ] ::1 /bnuzbroadcast/Home/User/add
INFO: [ app_init ] --START--
INFO: Run Behavior\BuildLiteBehavior [ RunTime:0.000038s ]
INFO: [ app_init ] --END-- [ RunTime:0.000644s ]
INFO: [ app_begin ] --START--
INFO: Run Behavior\ReadHtmlCacheBehavior [ RunTime:0.001002s ]
INFO: [ app_begin ] --END-- [ RunTime:0.001185s ]

[ 2016-05-29T19:55:50+08:00 ] ::1 /bnuzbroadcast/Home/User/add
INFO: [ app_init ] --START--
INFO: Run Behavior\BuildLiteBehavior [ RunTime:0.000038s ]
INFO: [ app_init ] --END-- [ RunTime:0.000881s ]
INFO: [ app_begin ] --START--
INFO: Run Behavior\ReadHtmlCacheBehavior [ RunTime:0.001072s ]
INFO: [ app_begin ] --END-- [ RunTime:0.001277s ]

[ 2016-05-29T19:55:50+08:00 ] ::1 /bnuzbroadcast/Home/User/add
INFO: [ app_init ] --START--
INFO: Run Behavior\BuildLiteBehavior [ RunTime:0.000063s ]
INFO: [ app_init ] --END-- [ RunTime:0.001000s ]
INFO: [ app_begin ] --START--
INFO: Run Behavior\ReadHtmlCacheBehavior [ RunTime:0.001539s ]
INFO: [ app_begin ] --END-- [ RunTime:0.001790s ]

[ 2016-05-29T19:55:50+08:00 ] ::1 /bnuzbroadcast/Home/User/add
INFO: [ app_init ] --START--
INFO: Run Behavior\BuildLiteBehavior [ RunTime:0.000040s ]
INFO: [ app_init ] --END-- [ RunTime:0.000869s ]
INFO: [ app_begin ] --START--
INFO: Run Behavior\ReadHtmlCacheBehavior [ RunTime:0.001216s ]
INFO: [ app_begin ] --END-- [ RunTime:0.001444s ]

[ 2016-05-29T19:55:50+08:00 ] ::1 /bnuzbroadcast/Home/User/add
INFO: [ app_init ] --START--
INFO: Run Behavior\BuildLiteBehavior [ RunTime:0.000042s ]
INFO: [ app_init ] --END-- [ RunTime:0.000710s ]
INFO: [ app_begin ] --START--
INFO: Run Behavior\ReadHtmlCacheBehavior [ RunTime:0.001316s ]
INFO: [ app_begin ] --END-- [ RunTime:0.001608s ]

[ 2016-05-29T19:55:51+08:00 ] ::1 /bnuzbroadcast/Home/User/add
INFO: [ app_init ] --START--
INFO: Run Behavior\BuildLiteBehavior [ RunTime:0.000041s ]
INFO: [ app_init ] --END-- [ RunTime:0.000944s ]
INFO: [ app_begin ] --START--
INFO: Run Behavior\ReadHtmlCacheBehavior [ RunTime:0.001439s ]
INFO: [ app_begin ] --END-- [ RunTime:0.001666s ]

[ 2016-05-29T19:55:51+08:00 ] ::1 /bnuzbroadcast/Home/User/add
INFO: [ app_init ] --START--
INFO: Run Behavior\BuildLiteBehavior [ RunTime:0.000060s ]
INFO: [ app_init ] --END-- [ RunTime:0.000874s ]
INFO: [ app_begin ] --START--
INFO: Run Behavior\ReadHtmlCacheBehavior [ RunTime:0.001530s ]
INFO: [ app_begin ] --END-- [ RunTime:0.001856s ]

[ 2016-05-29T19:55:51+08:00 ] ::1 /bnuzbroadcast/Home/User/add
INFO: [ app_init ] --START--
INFO: Run Behavior\BuildLiteBehavior [ RunTime:0.000069s ]
INFO: [ app_init ] --END-- [ RunTime:0.001011s ]
INFO: [ app_begin ] --START--
INFO: Run Behavior\ReadHtmlCacheBehavior [ RunTime:0.001466s ]
INFO: [ app_begin ] --END-- [ RunTime:0.001802s ]

[ 2016-05-29T19:55:51+08:00 ] ::1 /bnuzbroadcast/Home/User/add
INFO: [ app_init ] --START--
INFO: Run Behavior\BuildLiteBehavior [ RunTime:0.000067s ]
INFO: [ app_init ] --END-- [ RunTime:0.000997s ]
INFO: [ app_begin ] --START--
INFO: Run Behavior\ReadHtmlCacheBehavior [ RunTime:0.003745s ]
INFO: [ app_begin ] --END-- [ RunTime:0.004043s ]

[ 2016-05-29T19:55:51+08:00 ] ::1 /bnuzbroadcast/Home/User/add
INFO: [ app_init ] --START--
INFO: Run Behavior\BuildLiteBehavior [ RunTime:0.000068s ]
INFO: [ app_init ] --END-- [ RunTime:0.001056s ]
INFO: [ app_begin ] --START--
INFO: Run Behavior\ReadHtmlCacheBehavior [ RunTime:0.001848s ]
INFO: [ app_begin ] --END-- [ RunTime:0.002189s ]

[ 2016-05-29T19:55:51+08:00 ] ::1 /bnuzbroadcast/Home/User/add
INFO: [ app_init ] --START--
INFO: Run Behavior\BuildLiteBehavior [ RunTime:0.000049s ]
INFO: [ app_init ] --END-- [ RunTime:0.000636s ]
INFO: [ app_begin ] --START--
INFO: Run Behavior\ReadHtmlCacheBehavior [ RunTime:0.000870s ]
INFO: [ app_begin ] --END-- [ RunTime:0.001049s ]

[ 2016-05-29T19:55:51+08:00 ] ::1 /bnuzbroadcast/Home/User/add
INFO: [ app_init ] --START--
INFO: Run Behavior\BuildLiteBehavior [ RunTime:0.000075s ]
INFO: [ app_init ] --END-- [ RunTime:0.001082s ]
INFO: [ app_begin ] --START--
INFO: Run Behavior\ReadHtmlCacheBehavior [ RunTime:0.001592s ]
INFO: [ app_begin ] --END-- [ RunTime:0.001967s ]

[ 2016-05-29T19:55:52+08:00 ] ::1 /bnuzbroadcast/Home/User/add
INFO: [ app_init ] --START--
INFO: Run Behavior\BuildLiteBehavior [ RunTime:0.000040s ]
INFO: [ app_init ] --END-- [ RunTime:0.000666s ]
INFO: [ app_begin ] --START--
INFO: Run Behavior\ReadHtmlCacheBehavior [ RunTime:0.001369s ]
INFO: [ app_begin ] --END-- [ RunTime:0.001671s ]

[ 2016-05-29T19:55:52+08:00 ] ::1 /bnuzbroadcast/Home/User/add
INFO: [ app_init ] --START--
INFO: Run Behavior\BuildLiteBehavior [ RunTime:0.000056s ]
INFO: [ app_init ] --END-- [ RunTime:0.000722s ]
INFO: [ app_begin ] --START--
INFO: Run Behavior\ReadHtmlCacheBehavior [ RunTime:0.001180s ]
INFO: [ app_begin ] --END-- [ RunTime:0.001480s ]

[ 2016-05-29T19:55:52+08:00 ] ::1 /bnuzbroadcast/Home/User/add
INFO: [ app_init ] --START--
INFO: Run Behavior\BuildLiteBehavior [ RunTime:0.000061s ]
INFO: [ app_init ] --END-- [ RunTime:0.001140s ]
INFO: [ app_begin ] --START--
INFO: Run Behavior\ReadHtmlCacheBehavior [ RunTime:0.001414s ]
INFO: [ app_begin ] --END-- [ RunTime:0.001711s ]

[ 2016-05-29T19:55:52+08:00 ] ::1 /bnuzbroadcast/Home/User/add
INFO: [ app_init ] --START--
INFO: Run Behavior\BuildLiteBehavior [ RunTime:0.000041s ]
INFO: [ app_init ] --END-- [ RunTime:0.000753s ]
INFO: [ app_begin ] --START--
INFO: Run Behavior\ReadHtmlCacheBehavior [ RunTime:0.001325s ]
INFO: [ app_begin ] --END-- [ RunTime:0.001641s ]

[ 2016-05-29T19:55:52+08:00 ] ::1 /bnuzbroadcast/Home/User/add
INFO: [ app_init ] --START--
INFO: Run Behavior\BuildLiteBehavior [ RunTime:0.000052s ]
INFO: [ app_init ] --END-- [ RunTime:0.000778s ]
INFO: [ app_begin ] --START--
INFO: Run Behavior\ReadHtmlCacheBehavior [ RunTime:0.001626s ]
INFO: [ app_begin ] --END-- [ RunTime:0.001956s ]

[ 2016-05-29T19:55:52+08:00 ] ::1 /bnuzbroadcast/Home/User/add
INFO: [ app_init ] --START--
INFO: Run Behavior\BuildLiteBehavior [ RunTime:0.000039s ]
INFO: [ app_init ] --END-- [ RunTime:0.000708s ]
INFO: [ app_begin ] --START--
INFO: Run Behavior\ReadHtmlCacheBehavior [ RunTime:0.001317s ]
INFO: [ app_begin ] --END-- [ RunTime:0.001577s ]

[ 2016-05-29T19:55:52+08:00 ] ::1 /bnuzbroadcast/Home/User/add
INFO: [ app_init ] --START--
INFO: Run Behavior\BuildLiteBehavior [ RunTime:0.000085s ]
INFO: [ app_init ] --END-- [ RunTime:0.001081s ]
INFO: [ app_begin ] --START--
INFO: Run Behavior\ReadHtmlCacheBehavior [ RunTime:0.001100s ]
INFO: [ app_begin ] --END-- [ RunTime:0.001301s ]

[ 2016-05-29T19:55:52+08:00 ] ::1 /bnuzbroadcast/Home/User/add
INFO: [ app_init ] --START--
INFO: Run Behavior\BuildLiteBehavior [ RunTime:0.000065s ]
INFO: [ app_init ] --END-- [ RunTime:0.000983s ]
INFO: [ app_begin ] --START--
INFO: Run Behavior\ReadHtmlCacheBehavior [ RunTime:0.000943s ]
INFO: [ app_begin ] --END-- [ RunTime:0.001195s ]

[ 2016-05-29T19:55:52+08:00 ] ::1 /bnuzbroadcast/Home/User/add
INFO: [ app_init ] --START--
INFO: Run Behavior\BuildLiteBehavior [ RunTime:0.000039s ]
INFO: [ app_init ] --END-- [ RunTime:0.000675s ]
INFO: [ app_begin ] --START--
INFO: Run Behavior\ReadHtmlCacheBehavior [ RunTime:0.000903s ]
INFO: [ app_begin ] --END-- [ RunTime:0.001084s ]

[ 2016-05-29T19:55:52+08:00 ] ::1 /bnuzbroadcast/Home/User/add
INFO: [ app_init ] --START--
INFO: Run Behavior\BuildLiteBehavior [ RunTime:0.000109s ]
INFO: [ app_init ] --END-- [ RunTime:0.001337s ]
INFO: [ app_begin ] --START--
INFO: Run Behavior\ReadHtmlCacheBehavior [ RunTime:0.001508s ]
INFO: [ app_begin ] --END-- [ RunTime:0.001832s ]

[ 2016-05-29T19:55:53+08:00 ] ::1 /bnuzbroadcast/Home/User/add
INFO: [ app_init ] --START--
INFO: Run Behavior\BuildLiteBehavior [ RunTime:0.000053s ]
INFO: [ app_init ] --END-- [ RunTime:0.000811s ]
INFO: [ app_begin ] --START--
INFO: Run Behavior\ReadHtmlCacheBehavior [ RunTime:0.001575s ]
INFO: [ app_begin ] --END-- [ RunTime:0.001915s ]

[ 2016-05-29T19:55:53+08:00 ] ::1 /bnuzbroadcast/Home/User/add
INFO: [ app_init ] --START--
INFO: Run Behavior\BuildLiteBehavior [ RunTime:0.000046s ]
INFO: [ app_init ] --END-- [ RunTime:0.000724s ]
INFO: [ app_begin ] --START--
INFO: Run Behavior\ReadHtmlCacheBehavior [ RunTime:0.000922s ]
INFO: [ app_begin ] --END-- [ RunTime:0.001105s ]

[ 2016-05-29T19:55:53+08:00 ] ::1 /bnuzbroadcast/Home/User/add
INFO: [ app_init ] --START--
INFO: Run Behavior\BuildLiteBehavior [ RunTime:0.000070s ]
INFO: [ app_init ] --END-- [ RunTime:0.001432s ]
INFO: [ app_begin ] --START--
INFO: Run Behavior\ReadHtmlCacheBehavior [ RunTime:0.001286s ]
INFO: [ app_begin ] --END-- [ RunTime:0.001543s ]

[ 2016-05-29T19:55:53+08:00 ] ::1 /bnuzbroadcast/Home/User/add
INFO: [ app_init ] --START--
INFO: Run Behavior\BuildLiteBehavior [ RunTime:0.000041s ]
INFO: [ app_init ] --END-- [ RunTime:0.000711s ]
INFO: [ app_begin ] --START--
INFO: Run Behavior\ReadHtmlCacheBehavior [ RunTime:0.001099s ]
INFO: [ app_begin ] --END-- [ RunTime:0.001339s ]

[ 2016-05-29T19:55:53+08:00 ] ::1 /bnuzbroadcast/Home/User/add
INFO: [ app_init ] --START--
INFO: Run Behavior\BuildLiteBehavior [ RunTime:0.000065s ]
INFO: [ app_init ] --END-- [ RunTime:0.000830s ]
INFO: [ app_begin ] --START--
INFO: Run Behavior\ReadHtmlCacheBehavior [ RunTime:0.001548s ]
INFO: [ app_begin ] --END-- [ RunTime:0.001872s ]

[ 2016-05-29T19:55:53+08:00 ] ::1 /bnuzbroadcast/Home/User/add
INFO: [ app_init ] --START--
INFO: Run Behavior\BuildLiteBehavior [ RunTime:0.000112s ]
INFO: [ app_init ] --END-- [ RunTime:0.001073s ]
INFO: [ app_begin ] --START--
INFO: Run Behavior\ReadHtmlCacheBehavior [ RunTime:0.000977s ]
INFO: [ app_begin ] --END-- [ RunTime:0.001242s ]

[ 2016-05-29T19:55:53+08:00 ] ::1 /bnuzbroadcast/Home/User/add
INFO: [ app_init ] --START--
INFO: Run Behavior\BuildLiteBehavior [ RunTime:0.000064s ]
INFO: [ app_init ] --END-- [ RunTime:0.000928s ]
INFO: [ app_begin ] --START--
INFO: Run Behavior\ReadHtmlCacheBehavior [ RunTime:0.001449s ]
INFO: [ app_begin ] --END-- [ RunTime:0.001789s ]

[ 2016-05-29T19:55:53+08:00 ] ::1 /bnuzbroadcast/Home/User/add
INFO: [ app_init ] --START--
INFO: Run Behavior\BuildLiteBehavior [ RunTime:0.000039s ]
INFO: [ app_init ] --END-- [ RunTime:0.000666s ]
INFO: [ app_begin ] --START--
INFO: Run Behavior\ReadHtmlCacheBehavior [ RunTime:0.001450s ]
INFO: [ app_begin ] --END-- [ RunTime:0.001703s ]

[ 2016-05-29T19:55:53+08:00 ] ::1 /bnuzbroadcast/Home/User/add
INFO: [ app_init ] --START--
INFO: Run Behavior\BuildLiteBehavior [ RunTime:0.000064s ]
INFO: [ app_init ] --END-- [ RunTime:0.001018s ]
INFO: [ app_begin ] --START--
INFO: Run Behavior\ReadHtmlCacheBehavior [ RunTime:0.001115s ]
INFO: [ app_begin ] --END-- [ RunTime:0.001367s ]

[ 2016-05-29T19:55:53+08:00 ] ::1 /bnuzbroadcast/Home/User/add
INFO: [ app_init ] --START--
INFO: Run Behavior\BuildLiteBehavior [ RunTime:0.000065s ]
INFO: [ app_init ] --END-- [ RunTime:0.001004s ]
INFO: [ app_begin ] --START--
INFO: Run Behavior\ReadHtmlCacheBehavior [ RunTime:0.001547s ]
INFO: [ app_begin ] --END-- [ RunTime:0.001874s ]

[ 2016-05-29T19:55:53+08:00 ] ::1 /bnuzbroadcast/Home/User/add
INFO: [ app_init ] --START--
INFO: Run Behavior\BuildLiteBehavior [ RunTime:0.000064s ]
INFO: [ app_init ] --END-- [ RunTime:0.001091s ]
INFO: [ app_begin ] --START--
INFO: Run Behavior\ReadHtmlCacheBehavior [ RunTime:0.001324s ]
INFO: [ app_begin ] --END-- [ RunTime:0.001624s ]

[ 2016-05-29T19:55:53+08:00 ] ::1 /bnuzbroadcast/Home/User/add
INFO: [ app_init ] --START--
INFO: Run Behavior\BuildLiteBehavior [ RunTime:0.000039s ]
INFO: [ app_init ] --END-- [ RunTime:0.000663s ]
INFO: [ app_begin ] --START--
INFO: Run Behavior\ReadHtmlCacheBehavior [ RunTime:0.001615s ]
INFO: [ app_begin ] --END-- [ RunTime:0.001939s ]

[ 2016-05-29T19:55:53+08:00 ] ::1 /bnuzbroadcast/Home/User/add
INFO: [ app_init ] --START--
INFO: Run Behavior\BuildLiteBehavior [ RunTime:0.000064s ]
INFO: [ app_init ] --END-- [ RunTime:0.000811s ]
INFO: [ app_begin ] --START--
INFO: Run Behavior\ReadHtmlCacheBehavior [ RunTime:0.000910s ]
INFO: [ app_begin ] --END-- [ RunTime:0.001098s ]

[ 2016-05-29T19:55:53+08:00 ] ::1 /bnuzbroadcast/Home/User/add
INFO: [ app_init ] --START--
INFO: Run Behavior\BuildLiteBehavior [ RunTime:0.000043s ]
INFO: [ app_init ] --END-- [ RunTime:0.000672s ]
INFO: [ app_begin ] --START--
INFO: Run Behavior\ReadHtmlCacheBehavior [ RunTime:0.001036s ]
INFO: [ app_begin ] --END-- [ RunTime:0.001235s ]

[ 2016-05-29T19:55:53+08:00 ] ::1 /bnuzbroadcast/Home/User/add
INFO: [ app_init ] --START--
INFO: Run Behavior\BuildLiteBehavior [ RunTime:0.000067s ]
INFO: [ app_init ] --END-- [ RunTime:0.001099s ]
INFO: [ app_begin ] --START--
INFO: Run Behavior\ReadHtmlCacheBehavior [ RunTime:0.001475s ]
INFO: [ app_begin ] --END-- [ RunTime:0.001816s ]

[ 2016-05-29T19:55:53+08:00 ] ::1 /bnuzbroadcast/Home/User/add
INFO: [ app_init ] --START--
INFO: Run Behavior\BuildLiteBehavior [ RunTime:0.000078s ]
INFO: [ app_init ] --END-- [ RunTime:0.001019s ]
INFO: [ app_begin ] --START--
INFO: Run Behavior\ReadHtmlCacheBehavior [ RunTime:0.001046s ]
INFO: [ app_begin ] --END-- [ RunTime:0.001245s ]

[ 2016-05-29T19:55:53+08:00 ] ::1 /bnuzbroadcast/Home/User/add
INFO: [ app_init ] --START--
INFO: Run Behavior\BuildLiteBehavior [ RunTime:0.000063s ]
INFO: [ app_init ] --END-- [ RunTime:0.000996s ]
INFO: [ app_begin ] --START--
INFO: Run Behavior\ReadHtmlCacheBehavior [ RunTime:0.001556s ]
INFO: [ app_begin ] --END-- [ RunTime:0.001871s ]

[ 2016-05-29T19:55:53+08:00 ] ::1 /bnuzbroadcast/Home/User/add
INFO: [ app_init ] --START--
INFO: Run Behavior\BuildLiteBehavior [ RunTime:0.000068s ]
INFO: [ app_init ] --END-- [ RunTime:0.001037s ]
INFO: [ app_begin ] --START--
INFO: Run Behavior\ReadHtmlCacheBehavior [ RunTime:0.001394s ]
INFO: [ app_begin ] --END-- [ RunTime:0.001717s ]

[ 2016-05-29T19:55:53+08:00 ] ::1 /bnuzbroadcast/Home/User/add
INFO: [ app_init ] --START--
INFO: Run Behavior\BuildLiteBehavior [ RunTime:0.000066s ]
INFO: [ app_init ] --END-- [ RunTime:0.000993s ]
INFO: [ app_begin ] --START--
INFO: Run Behavior\ReadHtmlCacheBehavior [ RunTime:0.001092s ]
INFO: [ app_begin ] --END-- [ RunTime:0.001282s ]

[ 2016-05-29T19:55:53+08:00 ] ::1 /bnuzbroadcast/Home/User/add
INFO: [ app_init ] --START--
INFO: Run Behavior\BuildLiteBehavior [ RunTime:0.000045s ]
INFO: [ app_init ] --END-- [ RunTime:0.000811s ]
INFO: [ app_begin ] --START--
INFO: Run Behavior\ReadHtmlCacheBehavior [ RunTime:0.001529s ]
INFO: [ app_begin ] --END-- [ RunTime:0.001870s ]

[ 2016-05-29T19:55:53+08:00 ] ::1 /bnuzbroadcast/Home/User/add
INFO: [ app_init ] --START--
INFO: Run Behavior\BuildLiteBehavior [ RunTime:0.000069s ]
INFO: [ app_init ] --END-- [ RunTime:0.000987s ]
INFO: [ app_begin ] --START--
INFO: Run Behavior\ReadHtmlCacheBehavior [ RunTime:0.001427s ]
INFO: [ app_begin ] --END-- [ RunTime:0.001684s ]

[ 2016-05-29T19:55:53+08:00 ] ::1 /bnuzbroadcast/Home/User/add
INFO: [ app_init ] --START--
INFO: Run Behavior\BuildLiteBehavior [ RunTime:0.000064s ]
INFO: [ app_init ] --END-- [ RunTime:0.001086s ]
INFO: [ app_begin ] --START--
INFO: Run Behavior\ReadHtmlCacheBehavior [ RunTime:0.001853s ]
INFO: [ app_begin ] --END-- [ RunTime:0.002254s ]

[ 2016-05-29T19:55:53+08:00 ] ::1 /bnuzbroadcast/Home/User/add
INFO: [ app_init ] --START--
INFO: Run Behavior\BuildLiteBehavior [ RunTime:0.000040s ]
INFO: [ app_init ] --END-- [ RunTime:0.000910s ]
INFO: [ app_begin ] --START--
INFO: Run Behavior\ReadHtmlCacheBehavior [ RunTime:0.001222s ]
INFO: [ app_begin ] --END-- [ RunTime:0.001473s ]

[ 2016-05-29T19:55:53+08:00 ] ::1 /bnuzbroadcast/Home/User/add
INFO: [ app_init ] --START--
INFO: Run Behavior\BuildLiteBehavior [ RunTime:0.000067s ]
INFO: [ app_init ] --END-- [ RunTime:0.001026s ]
INFO: [ app_begin ] --START--
INFO: Run Behavior\ReadHtmlCacheBehavior [ RunTime:0.000879s ]
INFO: [ app_begin ] --END-- [ RunTime:0.001069s ]

[ 2016-05-29T19:55:54+08:00 ] ::1 /bnuzbroadcast/Home/User/add
INFO: [ app_init ] --START--
INFO: Run Behavior\BuildLiteBehavior [ RunTime:0.000040s ]
INFO: [ app_init ] --END-- [ RunTime:0.000748s ]
INFO: [ app_begin ] --START--
INFO: Run Behavior\ReadHtmlCacheBehavior [ RunTime:0.000887s ]
INFO: [ app_begin ] --END-- [ RunTime:0.001073s ]

[ 2016-05-29T19:55:54+08:00 ] ::1 /bnuzbroadcast/Home/User/add
INFO: [ app_init ] --START--
INFO: Run Behavior\BuildLiteBehavior [ RunTime:0.000057s ]
INFO: [ app_init ] --END-- [ RunTime:0.000852s ]
INFO: [ app_begin ] --START--
INFO: Run Behavior\ReadHtmlCacheBehavior [ RunTime:0.001199s ]
INFO: [ app_begin ] --END-- [ RunTime:0.001484s ]

[ 2016-05-29T19:55:54+08:00 ] ::1 /bnuzbroadcast/Home/User/add
INFO: [ app_init ] --START--
INFO: Run Behavior\BuildLiteBehavior [ RunTime:0.000050s ]
INFO: [ app_init ] --END-- [ RunTime:0.000913s ]
INFO: [ app_begin ] --START--
INFO: Run Behavior\ReadHtmlCacheBehavior [ RunTime:0.002184s ]
INFO: [ app_begin ] --END-- [ RunTime:0.002505s ]

[ 2016-05-29T19:55:54+08:00 ] ::1 /bnuzbroadcast/Home/User/add
INFO: [ app_init ] --START--
INFO: Run Behavior\BuildLiteBehavior [ RunTime:0.000059s ]
INFO: [ app_init ] --END-- [ RunTime:0.000898s ]
INFO: [ app_begin ] --START--
INFO: Run Behavior\ReadHtmlCacheBehavior [ RunTime:0.001742s ]
INFO: [ app_begin ] --END-- [ RunTime:0.002052s ]

[ 2016-05-29T19:55:54+08:00 ] ::1 /bnuzbroadcast/Home/User/add
INFO: [ app_init ] --START--
INFO: Run Behavior\BuildLiteBehavior [ RunTime:0.000040s ]
INFO: [ app_init ] --END-- [ RunTime:0.000673s ]
INFO: [ app_begin ] --START--
INFO: Run Behavior\ReadHtmlCacheBehavior [ RunTime:0.001265s ]
INFO: [ app_begin ] --END-- [ RunTime:0.001581s ]

[ 2016-05-29T19:55:55+08:00 ] ::1 /bnuzbroadcast/Home/User/add
INFO: [ app_init ] --START--
INFO: Run Behavior\BuildLiteBehavior [ RunTime:0.000039s ]
INFO: [ app_init ] --END-- [ RunTime:0.000667s ]
INFO: [ app_begin ] --START--
INFO: Run Behavior\ReadHtmlCacheBehavior [ RunTime:0.001110s ]
INFO: [ app_begin ] --END-- [ RunTime:0.001303s ]

[ 2016-05-29T19:55:55+08:00 ] ::1 /bnuzbroadcast/Home/User/add
INFO: [ app_init ] --START--
INFO: Run Behavior\BuildLiteBehavior [ RunTime:0.000064s ]
INFO: [ app_init ] --END-- [ RunTime:0.000978s ]
INFO: [ app_begin ] --START--
INFO: Run Behavior\ReadHtmlCacheBehavior [ RunTime:0.001334s ]
INFO: [ app_begin ] --END-- [ RunTime:0.001658s ]

[ 2016-05-29T19:55:55+08:00 ] ::1 /bnuzbroadcast/Home/User/add
INFO: [ app_init ] --START--
INFO: Run Behavior\BuildLiteBehavior [ RunTime:0.000065s ]
INFO: [ app_init ] --END-- [ RunTime:0.001145s ]
INFO: [ app_begin ] --START--
INFO: Run Behavior\ReadHtmlCacheBehavior [ RunTime:0.001793s ]
INFO: [ app_begin ] --END-- [ RunTime:0.002138s ]

[ 2016-05-29T19:55:55+08:00 ] ::1 /bnuzbroadcast/Home/User/add
INFO: [ app_init ] --START--
INFO: Run Behavior\BuildLiteBehavior [ RunTime:0.000065s ]
INFO: [ app_init ] --END-- [ RunTime:0.001030s ]
INFO: [ app_begin ] --START--
INFO: Run Behavior\ReadHtmlCacheBehavior [ RunTime:0.001343s ]
INFO: [ app_begin ] --END-- [ RunTime:0.001854s ]

[ 2016-05-29T19:55:55+08:00 ] ::1 /bnuzbroadcast/Home/User/add
INFO: [ app_init ] --START--
INFO: Run Behavior\BuildLiteBehavior [ RunTime:0.000063s ]
INFO: [ app_init ] --END-- [ RunTime:0.001026s ]
INFO: [ app_begin ] --START--
INFO: Run Behavior\ReadHtmlCacheBehavior [ RunTime:0.001379s ]
INFO: [ app_begin ] --END-- [ RunTime:0.001675s ]

[ 2016-05-29T19:55:55+08:00 ] ::1 /bnuzbroadcast/Home/User/add
INFO: [ app_init ] --START--
INFO: Run Behavior\BuildLiteBehavior [ RunTime:0.000068s ]
INFO: [ app_init ] --END-- [ RunTime:0.000911s ]
INFO: [ app_begin ] --START--
INFO: Run Behavior\ReadHtmlCacheBehavior [ RunTime:0.001295s ]
INFO: [ app_begin ] --END-- [ RunTime:0.001551s ]

[ 2016-05-29T19:55:55+08:00 ] ::1 /bnuzbroadcast/Home/User/add
INFO: [ app_init ] --START--
INFO: Run Behavior\BuildLiteBehavior [ RunTime:0.000065s ]
INFO: [ app_init ] --END-- [ RunTime:0.001049s ]
INFO: [ app_begin ] --START--
INFO: Run Behavior\ReadHtmlCacheBehavior [ RunTime:0.001674s ]
INFO: [ app_begin ] --END-- [ RunTime:0.001999s ]

[ 2016-05-29T19:55:55+08:00 ] ::1 /bnuzbroadcast/Home/User/add
INFO: [ app_init ] --START--
INFO: Run Behavior\BuildLiteBehavior [ RunTime:0.000064s ]
INFO: [ app_init ] --END-- [ RunTime:0.000996s ]
INFO: [ app_begin ] --START--
INFO: Run Behavior\ReadHtmlCacheBehavior [ RunTime:0.001534s ]
INFO: [ app_begin ] --END-- [ RunTime:0.001880s ]

[ 2016-05-29T19:55:55+08:00 ] ::1 /bnuzbroadcast/Home/User/add
INFO: [ app_init ] --START--
INFO: Run Behavior\BuildLiteBehavior [ RunTime:0.000050s ]
INFO: [ app_init ] --END-- [ RunTime:0.000766s ]
INFO: [ app_begin ] --START--
INFO: Run Behavior\ReadHtmlCacheBehavior [ RunTime:0.001568s ]
INFO: [ app_begin ] --END-- [ RunTime:0.001910s ]

[ 2016-05-29T19:55:55+08:00 ] ::1 /bnuzbroadcast/Home/User/add
INFO: [ app_init ] --START--
INFO: Run Behavior\BuildLiteBehavior [ RunTime:0.000063s ]
INFO: [ app_init ] --END-- [ RunTime:0.001082s ]
INFO: [ app_begin ] --START--
INFO: Run Behavior\ReadHtmlCacheBehavior [ RunTime:0.001793s ]
INFO: [ app_begin ] --END-- [ RunTime:0.002131s ]

[ 2016-05-29T19:55:55+08:00 ] ::1 /bnuzbroadcast/Home/User/add
INFO: [ app_init ] --START--
INFO: Run Behavior\BuildLiteBehavior [ RunTime:0.000065s ]
INFO: [ app_init ] --END-- [ RunTime:0.001122s ]
INFO: [ app_begin ] --START--
INFO: Run Behavior\ReadHtmlCacheBehavior [ RunTime:0.002523s ]
INFO: [ app_begin ] --END-- [ RunTime:0.002854s ]

[ 2016-05-29T19:55:55+08:00 ] ::1 /bnuzbroadcast/Home/User/add
INFO: [ app_init ] --START--
INFO: Run Behavior\BuildLiteBehavior [ RunTime:0.000066s ]
INFO: [ app_init ] --END-- [ RunTime:0.002231s ]
INFO: [ app_begin ] --START--
INFO: Run Behavior\ReadHtmlCacheBehavior [ RunTime:0.002852s ]
INFO: [ app_begin ] --END-- [ RunTime:0.003219s ]

[ 2016-05-29T19:55:55+08:00 ] ::1 /bnuzbroadcast/Home/User/add
INFO: [ app_init ] --START--
INFO: Run Behavior\BuildLiteBehavior [ RunTime:0.000067s ]
INFO: [ app_init ] --END-- [ RunTime:0.001137s ]
INFO: [ app_begin ] --START--
INFO: Run Behavior\ReadHtmlCacheBehavior [ RunTime:0.001636s ]
INFO: [ app_begin ] --END-- [ RunTime:0.002034s ]

[ 2016-05-29T19:55:55+08:00 ] ::1 /bnuzbroadcast/Home/User/add
INFO: [ app_init ] --START--
INFO: Run Behavior\BuildLiteBehavior [ RunTime:0.000069s ]
INFO: [ app_init ] --END-- [ RunTime:0.001063s ]
INFO: [ app_begin ] --START--
INFO: Run Behavior\ReadHtmlCacheBehavior [ RunTime:0.001517s ]
INFO: [ app_begin ] --END-- [ RunTime:0.001860s ]

[ 2016-05-29T19:55:55+08:00 ] ::1 /bnuzbroadcast/Home/User/add
INFO: [ app_init ] --START--
INFO: Run Behavior\BuildLiteBehavior [ RunTime:0.000067s ]
INFO: [ app_init ] --END-- [ RunTime:0.001020s ]
INFO: [ app_begin ] --START--
INFO: Run Behavior\ReadHtmlCacheBehavior [ RunTime:0.001561s ]
INFO: [ app_begin ] --END-- [ RunTime:0.001881s ]

[ 2016-05-29T19:55:55+08:00 ] ::1 /bnuzbroadcast/Home/User/add
INFO: [ app_init ] --START--
INFO: Run Behavior\BuildLiteBehavior [ RunTime:0.000065s ]
INFO: [ app_init ] --END-- [ RunTime:0.001047s ]
INFO: [ app_begin ] --START--
INFO: Run Behavior\ReadHtmlCacheBehavior [ RunTime:0.001395s ]
INFO: [ app_begin ] --END-- [ RunTime:0.002383s ]

[ 2016-05-29T19:55:55+08:00 ] ::1 /bnuzbroadcast/Home/User/add
INFO: [ app_init ] --START--
INFO: Run Behavior\BuildLiteBehavior [ RunTime:0.000070s ]
INFO: [ app_init ] --END-- [ RunTime:0.001158s ]
INFO: [ app_begin ] --START--
INFO: Run Behavior\ReadHtmlCacheBehavior [ RunTime:0.001297s ]
INFO: [ app_begin ] --END-- [ RunTime:0.001633s ]

[ 2016-05-29T19:55:55+08:00 ] ::1 /bnuzbroadcast/Home/User/add
INFO: [ app_init ] --START--
INFO: Run Behavior\BuildLiteBehavior [ RunTime:0.000067s ]
INFO: [ app_init ] --END-- [ RunTime:0.001003s ]
INFO: [ app_begin ] --START--
INFO: Run Behavior\ReadHtmlCacheBehavior [ RunTime:0.001523s ]
INFO: [ app_begin ] --END-- [ RunTime:0.001872s ]

[ 2016-05-29T19:55:55+08:00 ] ::1 /bnuzbroadcast/Home/User/add
INFO: [ app_init ] --START--
INFO: Run Behavior\BuildLiteBehavior [ RunTime:0.000063s ]
INFO: [ app_init ] --END-- [ RunTime:0.001003s ]
INFO: [ app_begin ] --START--
INFO: Run Behavior\ReadHtmlCacheBehavior [ RunTime:0.001237s ]
INFO: [ app_begin ] --END-- [ RunTime:0.001555s ]

[ 2016-05-29T19:55:55+08:00 ] ::1 /bnuzbroadcast/Home/User/add
INFO: [ app_init ] --START--
INFO: Run Behavior\BuildLiteBehavior [ RunTime:0.000063s ]
INFO: [ app_init ] --END-- [ RunTime:0.000994s ]
INFO: [ app_begin ] --START--
INFO: Run Behavior\ReadHtmlCacheBehavior [ RunTime:0.001644s ]
INFO: [ app_begin ] --END-- [ RunTime:0.002002s ]

[ 2016-05-29T19:55:56+08:00 ] ::1 /bnuzbroadcast/Home/User/add
INFO: [ app_init ] --START--
INFO: Run Behavior\BuildLiteBehavior [ RunTime:0.000068s ]
INFO: [ app_init ] --END-- [ RunTime:0.001108s ]
INFO: [ app_begin ] --START--
INFO: Run Behavior\ReadHtmlCacheBehavior [ RunTime:0.001612s ]
INFO: [ app_begin ] --END-- [ RunTime:0.001948s ]

[ 2016-05-29T19:55:56+08:00 ] ::1 /bnuzbroadcast/Home/User/add
INFO: [ app_init ] --START--
INFO: Run Behavior\BuildLiteBehavior [ RunTime:0.000069s ]
INFO: [ app_init ] --END-- [ RunTime:0.000993s ]
INFO: [ app_begin ] --START--
INFO: Run Behavior\ReadHtmlCacheBehavior [ RunTime:0.001445s ]
INFO: [ app_begin ] --END-- [ RunTime:0.001772s ]

[ 2016-05-29T19:55:56+08:00 ] ::1 /bnuzbroadcast/Home/User/add
INFO: [ app_init ] --START--
INFO: Run Behavior\BuildLiteBehavior [ RunTime:0.000038s ]
INFO: [ app_init ] --END-- [ RunTime:0.000642s ]
INFO: [ app_begin ] --START--
INFO: Run Behavior\ReadHtmlCacheBehavior [ RunTime:0.000848s ]
INFO: [ app_begin ] --END-- [ RunTime:0.001027s ]

[ 2016-05-29T19:55:56+08:00 ] ::1 /bnuzbroadcast/Home/User/add
INFO: [ app_init ] --START--
INFO: Run Behavior\BuildLiteBehavior [ RunTime:0.000049s ]
INFO: [ app_init ] --END-- [ RunTime:0.000875s ]
INFO: [ app_begin ] --START--
INFO: Run Behavior\ReadHtmlCacheBehavior [ RunTime:0.001050s ]
INFO: [ app_begin ] --END-- [ RunTime:0.001382s ]

[ 2016-05-29T19:55:57+08:00 ] ::1 /bnuzbroadcast/Home/User/add
INFO: [ app_init ] --START--
INFO: Run Behavior\BuildLiteBehavior [ RunTime:0.000039s ]
INFO: [ app_init ] --END-- [ RunTime:0.000735s ]
INFO: [ app_begin ] --START--
INFO: Run Behavior\ReadHtmlCacheBehavior [ RunTime:0.001064s ]
INFO: [ app_begin ] --END-- [ RunTime:0.001297s ]

[ 2016-05-29T19:55:57+08:00 ] ::1 /bnuzbroadcast/Home/User/add
INFO: [ app_init ] --START--
INFO: Run Behavior\BuildLiteBehavior [ RunTime:0.000056s ]
INFO: [ app_init ] --END-- [ RunTime:0.000773s ]
INFO: [ app_begin ] --START--
INFO: Run Behavior\ReadHtmlCacheBehavior [ RunTime:0.001293s ]
INFO: [ app_begin ] --END-- [ RunTime:0.001576s ]

[ 2016-05-29T19:55:57+08:00 ] ::1 /bnuzbroadcast/Home/User/add
INFO: [ app_init ] --START--
INFO: Run Behavior\BuildLiteBehavior [ RunTime:0.000048s ]
INFO: [ app_init ] --END-- [ RunTime:0.000821s ]
INFO: [ app_begin ] --START--
INFO: Run Behavior\ReadHtmlCacheBehavior [ RunTime:0.001294s ]
INFO: [ app_begin ] --END-- [ RunTime:0.001617s ]

[ 2016-05-29T19:55:57+08:00 ] ::1 /bnuzbroadcast/Home/User/add
INFO: [ app_init ] --START--
INFO: Run Behavior\BuildLiteBehavior [ RunTime:0.000063s ]
INFO: [ app_init ] --END-- [ RunTime:0.001214s ]
INFO: [ app_begin ] --START--
INFO: Run Behavior\ReadHtmlCacheBehavior [ RunTime:0.001258s ]
INFO: [ app_begin ] --END-- [ RunTime:0.001534s ]

[ 2016-05-29T19:55:57+08:00 ] ::1 /bnuzbroadcast/Home/User/add
INFO: [ app_init ] --START--
INFO: Run Behavior\BuildLiteBehavior [ RunTime:0.000038s ]
INFO: [ app_init ] --END-- [ RunTime:0.000713s ]
INFO: [ app_begin ] --START--
INFO: Run Behavior\ReadHtmlCacheBehavior [ RunTime:0.001198s ]
INFO: [ app_begin ] --END-- [ RunTime:0.001465s ]

[ 2016-05-29T19:55:57+08:00 ] ::1 /bnuzbroadcast/Home/User/add
INFO: [ app_init ] --START--
INFO: Run Behavior\BuildLiteBehavior [ RunTime:0.000063s ]
INFO: [ app_init ] --END-- [ RunTime:0.001020s ]
INFO: [ app_begin ] --START--
INFO: Run Behavior\ReadHtmlCacheBehavior [ RunTime:0.000939s ]
INFO: [ app_begin ] --END-- [ RunTime:0.001141s ]

[ 2016-05-29T19:55:57+08:00 ] ::1 /bnuzbroadcast/Home/User/add
INFO: [ app_init ] --START--
INFO: Run Behavior\BuildLiteBehavior [ RunTime:0.000039s ]
INFO: [ app_init ] --END-- [ RunTime:0.000720s ]
INFO: [ app_begin ] --START--
INFO: Run Behavior\ReadHtmlCacheBehavior [ RunTime:0.001012s ]
INFO: [ app_begin ] --END-- [ RunTime:0.001227s ]

[ 2016-05-29T19:55:58+08:00 ] ::1 /bnuzbroadcast/Home/User/add
INFO: [ app_init ] --START--
INFO: Run Behavior\BuildLiteBehavior [ RunTime:0.000045s ]
INFO: [ app_init ] --END-- [ RunTime:0.001032s ]
INFO: [ app_begin ] --START--
INFO: Run Behavior\ReadHtmlCacheBehavior [ RunTime:0.000973s ]
INFO: [ app_begin ] --END-- [ RunTime:0.001200s ]

[ 2016-05-29T19:55:58+08:00 ] ::1 /bnuzbroadcast/Home/User/add
INFO: [ app_init ] --START--
INFO: Run Behavior\BuildLiteBehavior [ RunTime:0.000042s ]
INFO: [ app_init ] --END-- [ RunTime:0.000726s ]
INFO: [ app_begin ] --START--
INFO: Run Behavior\ReadHtmlCacheBehavior [ RunTime:0.001314s ]
INFO: [ app_begin ] --END-- [ RunTime:0.001638s ]

[ 2016-05-29T19:55:58+08:00 ] ::1 /bnuzbroadcast/Home/User/add
INFO: [ app_init ] --START--
INFO: Run Behavior\BuildLiteBehavior [ RunTime:0.000040s ]
INFO: [ app_init ] --END-- [ RunTime:0.000784s ]
INFO: [ app_begin ] --START--
INFO: Run Behavior\ReadHtmlCacheBehavior [ RunTime:0.001116s ]
INFO: [ app_begin ] --END-- [ RunTime:0.001393s ]

[ 2016-05-29T19:55:58+08:00 ] ::1 /bnuzbroadcast/Home/User/add
INFO: [ app_init ] --START--
INFO: Run Behavior\BuildLiteBehavior [ RunTime:0.000039s ]
INFO: [ app_init ] --END-- [ RunTime:0.000719s ]
INFO: [ app_begin ] --START--
INFO: Run Behavior\ReadHtmlCacheBehavior [ RunTime:0.001040s ]
INFO: [ app_begin ] --END-- [ RunTime:0.001285s ]

[ 2016-05-29T19:55:58+08:00 ] ::1 /bnuzbroadcast/Home/User/add
INFO: [ app_init ] --START--
INFO: Run Behavior\BuildLiteBehavior [ RunTime:0.000063s ]
INFO: [ app_init ] --END-- [ RunTime:0.000988s ]
INFO: [ app_begin ] --START--
INFO: Run Behavior\ReadHtmlCacheBehavior [ RunTime:0.001338s ]
INFO: [ app_begin ] --END-- [ RunTime:0.001686s ]

[ 2016-05-29T19:55:59+08:00 ] ::1 /bnuzbroadcast/Home/User/add
INFO: [ app_init ] --START--
INFO: Run Behavior\BuildLiteBehavior [ RunTime:0.000066s ]
INFO: [ app_init ] --END-- [ RunTime:0.001053s ]
INFO: [ app_begin ] --START--
INFO: Run Behavior\ReadHtmlCacheBehavior [ RunTime:0.001082s ]
INFO: [ app_begin ] --END-- [ RunTime:0.001373s ]

[ 2016-05-29T19:55:59+08:00 ] ::1 /bnuzbroadcast/Home/User/add
INFO: [ app_init ] --START--
INFO: Run Behavior\BuildLiteBehavior [ RunTime:0.000058s ]
INFO: [ app_init ] --END-- [ RunTime:0.001026s ]
INFO: [ app_begin ] --START--
INFO: Run Behavior\ReadHtmlCacheBehavior [ RunTime:0.001326s ]
INFO: [ app_begin ] --END-- [ RunTime:0.001611s ]

[ 2016-05-29T19:57:49+08:00 ] ::1 /bnuzbroadcast/Home/User/add
INFO: [ app_init ] --START--
INFO: Run Behavior\BuildLiteBehavior [ RunTime:0.000043s ]
INFO: [ app_init ] --END-- [ RunTime:0.000808s ]
INFO: [ app_begin ] --START--
INFO: Run Behavior\ReadHtmlCacheBehavior [ RunTime:0.001056s ]
INFO: [ app_begin ] --END-- [ RunTime:0.001333s ]
SQL: SHOW COLUMNS FROM `t_user` [ RunTime:0.0053s ]
NOTIC: [8] Undefined index: validate C:\wamp\www\bnuzbroadcast\ThinkPHP\Library\Think\Model.class.php 第 1185 行.
NOTIC: [8] Undefined index: auto C:\wamp\www\bnuzbroadcast\ThinkPHP\Library\Think\Model.class.php 第 1128 行.
INFO: [ app_end ] --START--
INFO: Run Behavior\ShowPageTraceBehavior [ RunTime:0.001166s ]
INFO: [ app_end ] --END-- [ RunTime:0.001352s ]

[ 2016-05-29T19:58:05+08:00 ] ::1 /bnuzbroadcast/Home/User/add
INFO: [ app_init ] --START--
INFO: Run Behavior\BuildLiteBehavior [ RunTime:0.000039s ]
INFO: [ app_init ] --END-- [ RunTime:0.000717s ]
INFO: [ app_begin ] --START--
INFO: Run Behavior\ReadHtmlCacheBehavior [ RunTime:0.001023s ]
INFO: [ app_begin ] --END-- [ RunTime:0.001261s ]
SQL: SHOW COLUMNS FROM `t_user` [ RunTime:0.0035s ]
NOTIC: [8] Undefined index: validate C:\wamp\www\bnuzbroadcast\ThinkPHP\Library\Think\Model.class.php 第 1185 行.
NOTIC: [8] Undefined index: auto C:\wamp\www\bnuzbroadcast\ThinkPHP\Library\Think\Model.class.php 第 1128 行.
INFO: [ app_end ] --START--
INFO: Run Behavior\ShowPageTraceBehavior [ RunTime:0.001085s ]
INFO: [ app_end ] --END-- [ RunTime:0.001268s ]

[ 2016-05-29T19:58:28+08:00 ] ::1 /bnuzbroadcast/Home/User/add
INFO: [ app_init ] --START--
INFO: Run Behavior\BuildLiteBehavior [ RunTime:0.000043s ]
INFO: [ app_init ] --END-- [ RunTime:0.000694s ]
INFO: [ app_begin ] --START--
INFO: Run Behavior\ReadHtmlCacheBehavior [ RunTime:0.001306s ]
INFO: [ app_begin ] --END-- [ RunTime:0.001508s ]
SQL: SHOW COLUMNS FROM `t_user` [ RunTime:0.0038s ]
NOTIC: [8] Undefined index: validate C:\wamp\www\bnuzbroadcast\ThinkPHP\Library\Think\Model.class.php 第 1185 行.
INFO: [ app_end ] --START--
INFO: Run Behavior\ShowPageTraceBehavior [ RunTime:0.001261s ]
INFO: [ app_end ] --END-- [ RunTime:0.001599s ]

[ 2016-05-29T19:58:52+08:00 ] ::1 /bnuzbroadcast/Home/User/add
INFO: [ app_init ] --START--
INFO: Run Behavior\BuildLiteBehavior [ RunTime:0.000065s ]
INFO: [ app_init ] --END-- [ RunTime:0.001085s ]
INFO: [ app_begin ] --START--
INFO: Run Behavior\ReadHtmlCacheBehavior [ RunTime:0.001511s ]
INFO: [ app_begin ] --END-- [ RunTime:0.001853s ]
SQL: SHOW COLUMNS FROM `t_user` [ RunTime:0.0034s ]
NOTIC: [8] Undefined index: validate C:\wamp\www\bnuzbroadcast\ThinkPHP\Library\Think\Model.class.php 第 1185 行.
INFO: [ app_end ] --START--
INFO: Run Behavior\ShowPageTraceBehavior [ RunTime:0.001181s ]
INFO: [ app_end ] --END-- [ RunTime:0.001382s ]

[ 2016-05-29T23:16:52+08:00 ] ::1 /bnuzbroadcast/Home/User/select
INFO: [ app_init ] --START--
INFO: Run Behavior\BuildLiteBehavior [ RunTime:0.000047s ]
INFO: [ app_init ] --END-- [ RunTime:0.000813s ]
INFO: [ app_begin ] --START--
INFO: Run Behavior\ReadHtmlCacheBehavior [ RunTime:0.001259s ]
INFO: [ app_begin ] --END-- [ RunTime:0.001480s ]
SQL: SHOW COLUMNS FROM `t_user` [ RunTime:0.0043s ]
SQL: SELECT `userId`,`userName`,`userMail` FROM `t_user`  [ RunTime:0.0003s ]
INFO: [ app_end ] --START--
INFO: Run Behavior\ShowPageTraceBehavior [ RunTime:0.001602s ]
INFO: [ app_end ] --END-- [ RunTime:0.001910s ]

[ 2016-05-29T23:16:55+08:00 ] ::1 /bnuzbroadcast/Home/User
INFO: [ app_init ] --START--
INFO: Run Behavior\BuildLiteBehavior [ RunTime:0.000040s ]
INFO: [ app_init ] --END-- [ RunTime:0.000681s ]
INFO: [ app_begin ] --START--
INFO: Run Behavior\ReadHtmlCacheBehavior [ RunTime:0.000990s ]
INFO: [ app_begin ] --END-- [ RunTime:0.001178s ]
INFO: [ app_end ] --START--
INFO: Run Behavior\ShowPageTraceBehavior [ RunTime:0.001046s ]
INFO: [ app_end ] --END-- [ RunTime:0.001235s ]

[ 2016-05-29T23:16:55+08:00 ] ::1 /bnuzbroadcast/Home/User/create
INFO: [ app_init ] --START--
INFO: Run Behavior\BuildLiteBehavior [ RunTime:0.000043s ]
INFO: [ app_init ] --END-- [ RunTime:0.000651s ]
INFO: [ app_begin ] --START--
INFO: Run Behavior\ReadHtmlCacheBehavior [ RunTime:0.000965s ]
INFO: [ app_begin ] --END-- [ RunTime:0.001145s ]
INFO: [ app_end ] --START--
INFO: Run Behavior\ShowPageTraceBehavior [ RunTime:0.001085s ]
INFO: [ app_end ] --END-- [ RunTime:0.001269s ]

